Error: [blastdbcmd] A0A0R3NLE1: OID not found
Error: [blastdbcmd] N6V8Q6: OID not found
Error: [blastdbcmd] A0A0R3NKD5: OID not found
Error: [blastdbcmd] A0A0R3NM93: OID not found
Error: [blastdbcmd] B5DVR7: OID not found
Error: [blastdbcmd] I5ANJ3: OID not found
Error: [blastdbcmd] I5ANM9: OID not found
Error: [blastdbcmd] Q297X5: OID not found
Error: [blastdbcmd] A0A0R3NII7: OID not found
Error: [blastdbcmd] Q29AK3: OID not found
Error: [blastdbcmd] Q29AL6: OID not found
Error: [blastdbcmd] Q296D6: OID not found
Error: [blastdbcmd] A0A0R3NP80: OID not found
Error: [blastdbcmd] Q29A00: OID not found
Error: [blastdbcmd] A0A0R3NKF1: OID not found
Error: [blastdbcmd] Q295S3: OID not found
Error: [blastdbcmd] A0A0R3NL39: OID not found
Error: [blastdbcmd] A0A0R3NRM4: OID not found
Error: [blastdbcmd] A0A0R3NEY6: OID not found
Error: [blastdbcmd] A0A0R3NH22: OID not found
Error: [blastdbcmd] A0A0R3NH40: OID not found
Error: [blastdbcmd] A0A0R3NIW2: OID not found
Error: [blastdbcmd] A0A0R3NKV1: OID not found
Error: [blastdbcmd] A0A0R3NG84: OID not found
Error: [blastdbcmd] A0A0R3NHF3: OID not found
Error: [blastdbcmd] I5ANZ8: OID not found
Error: [blastdbcmd] A0A0R3NH46: OID not found
Error: [blastdbcmd] A0A0R3NPR0: OID not found
Error: [blastdbcmd] A0A0R3NHR3: OID not found
Error: [blastdbcmd] A0A0R3NVD1: OID not found
Error: [blastdbcmd] A0A0R3NL31: OID not found
Error: [blastdbcmd] A0A0R3NM96: OID not found
Error: [blastdbcmd] N6V8K2: OID not found
Error: [blastdbcmd] Q29A98: OID not found
Error: [blastdbcmd] I5ANT7: OID not found
Error: [blastdbcmd] Q28ZU2: OID not found
Error: [blastdbcmd] A0A0R3NN50: OID not found
Error: [blastdbcmd] N6W6G2: OID not found
Error: [blastdbcmd] A0A0R3NLQ6: OID not found
Error: [blastdbcmd] N6W4F5: OID not found
Error: [blastdbcmd] Q292Q4: OID not found
Error: [blastdbcmd] A0A0R3NMH0: OID not found
Error: [blastdbcmd] A0A0R3NU88: OID not found
Error: [blastdbcmd] Q28Y47: OID not found
Error: [blastdbcmd] A0A0R3NST9: OID not found
Error: [blastdbcmd] Q28WS6: OID not found
Error: [blastdbcmd] N6WBU9: OID not found
Error: [blastdbcmd] Q291F0: OID not found
Error: [blastdbcmd] Q290Z7: OID not found
Error: [blastdbcmd] Q292H5: OID not found
Error: [blastdbcmd] B5E0R3: OID not found
Error: [blastdbcmd] Q28X11: OID not found
Error: [blastdbcmd] B5E0Y9: OID not found
Error: [blastdbcmd] A0A0R3NVS1: OID not found
Error: [blastdbcmd] Q295Z7: OID not found
Error: [blastdbcmd] Q291P6: OID not found
Error: [blastdbcmd] A0A0R3NH56: OID not found
Error: [blastdbcmd] Q295E7: OID not found
Error: [blastdbcmd] Q295G9: OID not found
Error: [blastdbcmd] A0A0R3NPG6: OID not found
Error: [blastdbcmd] B5DVG0: OID not found
Error: [blastdbcmd] B5DZ34: OID not found
Error: [blastdbcmd] B5DW91: OID not found
Error: [blastdbcmd] A0A0R3NUJ0: OID not found
Error: [blastdbcmd] Q291N7: OID not found
Error: [blastdbcmd] Q28WZ7: OID not found
Error: [blastdbcmd] Q29AK4: OID not found
Error: [blastdbcmd] Q296A7: OID not found
Error: [blastdbcmd] A0A0R3NFY0: OID not found
Error: [blastdbcmd] Q28ZV7: OID not found
Error: [blastdbcmd] Q294A2: OID not found
Error: [blastdbcmd] N6WC38: OID not found
Error: [blastdbcmd] Q297N2: OID not found
Error: [blastdbcmd] A0A0R3NN96: OID not found
Error: [blastdbcmd] Q292R4: OID not found
Error: [blastdbcmd] Q28WW1: OID not found
Error: [blastdbcmd] Q291B4: OID not found
Error: [blastdbcmd] A0A0R3NQ03: OID not found
Error: [blastdbcmd] Q291T4: OID not found
Error: [blastdbcmd] Q299T8: OID not found
Error: [blastdbcmd] B5DXU5: OID not found
Error: [blastdbcmd] Q28YF4: OID not found
Error: [blastdbcmd] Q294Z0: OID not found
Error: [blastdbcmd] A0A0R3NJV2: OID not found
Error: [blastdbcmd] Q29BS0: OID not found
Error: [blastdbcmd] A0A0R3NJ45: OID not found
Error: [blastdbcmd] A0A0R3NKD9: OID not found
Error: [blastdbcmd] Q294J7: OID not found
Error: [blastdbcmd] I5ANR5: OID not found
Error: [blastdbcmd] A0A0R3NLZ6: OID not found
Error: [blastdbcmd] Q299J2: OID not found
Error: [blastdbcmd] Q29BP9: OID not found
Error: [blastdbcmd] Q295W7: OID not found
Error: [blastdbcmd] B5DWF2: OID not found
Error: [blastdbcmd] Q29A76: OID not found
Error: [blastdbcmd] A0A0R3NK17: OID not found
Error: [blastdbcmd] A0A0R3NK20: OID not found
Error: [blastdbcmd] Q293U8: OID not found
Error: [blastdbcmd] Q296M7: OID not found
Error: [blastdbcmd] Q293M9: OID not found
Error: [blastdbcmd] Q295N2: OID not found
Error: [blastdbcmd] Q298P7: OID not found
Error: [blastdbcmd] Q299D7: OID not found
Error: [blastdbcmd] Q29BA7: OID not found
Error: [blastdbcmd] A0A0R3NG27: OID not found
Error: [blastdbcmd] B5DY27: OID not found
Error: [blastdbcmd] Q298F4: OID not found
Error: [blastdbcmd] A0A0R3NEL1: OID not found
Error: [blastdbcmd] A0A0R3NSE8: OID not found
Error: [blastdbcmd] A0A0R3NL37: OID not found
Error: [blastdbcmd] I5ANT2: OID not found
Error: [blastdbcmd] Q293J4: OID not found
Error: [blastdbcmd] Q296H5: OID not found
Error: [blastdbcmd] B5DX68: OID not found
Error: [blastdbcmd] A0A0R3NFJ2: OID not found
Error: [blastdbcmd] Q295U8: OID not found
Error: [blastdbcmd] Q297R4: OID not found
Error: [blastdbcmd] Q293Q0: OID not found
Error: [blastdbcmd] A0A0R3NFE6: OID not found
Error: [blastdbcmd] I5ANR1: OID not found
Error: [blastdbcmd] Q29BB7: OID not found
Error: [blastdbcmd] Q298R0: OID not found
Error: [blastdbcmd] Q298M3: OID not found
Error: [blastdbcmd] Q29CA2: OID not found
Error: [blastdbcmd] A0A0R3NFB8: OID not found
Error: [blastdbcmd] Q29CD6: OID not found
Error: [blastdbcmd] Q292U8: OID not found
Error: [blastdbcmd] Q28WS7: OID not found
Error: [blastdbcmd] A0A0R3NPI3: OID not found
Error: [blastdbcmd] N6W6M1: OID not found
Error: [blastdbcmd] B5E0C5: OID not found
Error: [blastdbcmd] Q290N7: OID not found
Error: [blastdbcmd] A0A0R3NRP6: OID not found
Error: [blastdbcmd] Q290V4: OID not found
Error: [blastdbcmd] Q28ZU5: OID not found
Error: [blastdbcmd] N6VFV9: OID not found
Error: [blastdbcmd] A0A0R3NKY5: OID not found
Error: [blastdbcmd] Q290B5: OID not found
Error: [blastdbcmd] Q28ZZ3: OID not found
Error: [blastdbcmd] Q28ZP4: OID not found
Error: [blastdbcmd] A0A0R3NJX4: OID not found
Error: [blastdbcmd] B5DZT3: OID not found
Error: [blastdbcmd] A0A0R3NRH6: OID not found
Error: [blastdbcmd] Q29BQ4: OID not found
Error: [blastdbcmd] Q29AT9: OID not found
Error: [blastdbcmd] A0A0R3NF95: OID not found
Error: [blastdbcmd] A0A0R3NS37: OID not found
Error: [blastdbcmd] A0A0R3NL99: OID not found
Error: [blastdbcmd] A0A0R3NF17: OID not found
Error: [blastdbcmd] Q298J0: OID not found
Error: [blastdbcmd] B5DZ11: OID not found
Error: [blastdbcmd] Q296A5: OID not found
Error: [blastdbcmd] A0A0R3NP61: OID not found
Error: [blastdbcmd] Q298Q5: OID not found
Error: [blastdbcmd] B5DXI7: OID not found
Error: [blastdbcmd] Q299P7: OID not found
Error: [blastdbcmd] B5E083: OID not found
Error: [blastdbcmd] Q29AT5: OID not found
Error: [blastdbcmd] Q296L6: OID not found
Error: [blastdbcmd] Q294R4: OID not found
Error: [blastdbcmd] Q29C20: OID not found
Error: [blastdbcmd] I5AP59: OID not found
Error: [blastdbcmd] Q291N6: OID not found
Error: [blastdbcmd] Q28X68: OID not found
Error: [blastdbcmd] B5DXD3: OID not found
Error: [blastdbcmd] Q293G9: OID not found
Error: [blastdbcmd] Q28YP7: OID not found
Error: [blastdbcmd] B5DZ10: OID not found
Error: [blastdbcmd] Q28YQ9: OID not found
Error: [blastdbcmd] Q28YR1: OID not found
Error: [blastdbcmd] Q28WX4: OID not found
Error: [blastdbcmd] B5E1A4: OID not found
Error: [blastdbcmd] Q293A0: OID not found
Error: [blastdbcmd] Q292Z7: OID not found
Error: [blastdbcmd] Q292Z5: OID not found
Error: [blastdbcmd] Q292Y8: OID not found
Error: [blastdbcmd] A0A0R3NQA7: OID not found
Error: [blastdbcmd] Q292X0: OID not found
Error: [blastdbcmd] B5E1D1: OID not found
Error: [blastdbcmd] Q292V1: OID not found
Error: [blastdbcmd] Q292U9: OID not found
Error: [blastdbcmd] Q292U1: OID not found
Error: [blastdbcmd] Q292T6: OID not found
Error: [blastdbcmd] A0A0R3NRQ5: OID not found
Error: [blastdbcmd] Q292T2: OID not found
Error: [blastdbcmd] B5E0X3: OID not found
Error: [blastdbcmd] Q28YI2: OID not found
Error: [blastdbcmd] Q28YJ3: OID not found
Error: [blastdbcmd] Q290Q4: OID not found
Error: [blastdbcmd] B5DZB4: OID not found
Error: [blastdbcmd] Q28ZN6: OID not found
Error: [blastdbcmd] Q290Y4: OID not found
Error: [blastdbcmd] A0A0R3NUF3: OID not found
Error: [blastdbcmd] A0A0R3NSM5: OID not found
Error: [blastdbcmd] Q292J8: OID not found
Error: [blastdbcmd] B5DZA1: OID not found
Error: [blastdbcmd] Q292I5: OID not found
Error: [blastdbcmd] B5DZA3: OID not found
Error: [blastdbcmd] Q292I4: OID not found
Error: [blastdbcmd] Q28Y86: OID not found
Error: [blastdbcmd] Q293C1: OID not found
Error: [blastdbcmd] Q28ZD3: OID not found
Error: [blastdbcmd] Q28ZD1: OID not found
Error: [blastdbcmd] Q28ZD0: OID not found
Error: [blastdbcmd] N6VEY5: OID not found
Error: [blastdbcmd] Q28ZB4: OID not found
Error: [blastdbcmd] B5E1K7: OID not found
Error: [blastdbcmd] A0A0R3NP70: OID not found
Error: [blastdbcmd] Q28XV6: OID not found
Error: [blastdbcmd] N6V814: OID not found
Error: [blastdbcmd] B5E1E6: OID not found
Error: [blastdbcmd] Q28ZG9: OID not found
Error: [blastdbcmd] B5E0S5: OID not found
Error: [blastdbcmd] I5AQ02: OID not found
Error: [blastdbcmd] Q28Y06: OID not found
Error: [blastdbcmd] Q28ZM5: OID not found
Error: [blastdbcmd] Q28YZ8: OID not found
Error: [blastdbcmd] Q290T0: OID not found
Error: [blastdbcmd] Q290S8: OID not found
Error: [blastdbcmd] B5E0K9: OID not found
Error: [blastdbcmd] A0A0R3NMM8: OID not found
Error: [blastdbcmd] Q290I3: OID not found
Error: [blastdbcmd] Q290H0: OID not found
Error: [blastdbcmd] Q290H0: OID not found
Error: [blastdbcmd] B5E0T0: OID not found
Error: [blastdbcmd] N6W529: OID not found
Error: [blastdbcmd] Q28YL6: OID not found
Error: [blastdbcmd] Q28YL5: OID not found
Error: [blastdbcmd] B5DZX0: OID not found
Error: [blastdbcmd] Q28YL3: OID not found
Error: [blastdbcmd] Q28WS1: OID not found
Error: [blastdbcmd] Q28WS8: OID not found
Error: [blastdbcmd] Q28YZ2: OID not found
Error: [blastdbcmd] Q28YY4: OID not found
Error: [blastdbcmd] B5E0A0: OID not found
Error: [blastdbcmd] B5E0A1: OID not found
Error: [blastdbcmd] Q28Y23: OID not found
Error: [blastdbcmd] Q28Y97: OID not found
Error: [blastdbcmd] Q28YA2: OID not found
Error: [blastdbcmd] Q291H9: OID not found
Error: [blastdbcmd] Q28XB9: OID not found
Error: [blastdbcmd] Q28XB3: OID not found
Error: [blastdbcmd] B5E186: OID not found
Error: [blastdbcmd] Q290N8: OID not found
Error: [blastdbcmd] Q293E3: OID not found
Error: [blastdbcmd] Q293E2: OID not found
Error: [blastdbcmd] Q292D9: OID not found
Error: [blastdbcmd] Q290D2: OID not found
Error: [blastdbcmd] Q290C9: OID not found
Error: [blastdbcmd] Q290C7: OID not found
Error: [blastdbcmd] Q290C5: OID not found
Error: [blastdbcmd] Q292P2: OID not found
Error: [blastdbcmd] Q28YG8: OID not found
Error: [blastdbcmd] Q293E8: OID not found
Error: [blastdbcmd] Q292G9: OID not found
Error: [blastdbcmd] Q28Z54: OID not found
Error: [blastdbcmd] B5E091: OID not found
Error: [blastdbcmd] Q28ZT5: OID not found
Error: [blastdbcmd] Q28ZS9: OID not found
Error: [blastdbcmd] Q28ZS2: OID not found
Error: [blastdbcmd] Q28XX1: OID not found
Error: [blastdbcmd] Q28XX2: OID not found
Error: [blastdbcmd] Q28XX4: OID not found
Error: [blastdbcmd] Q28XY8: OID not found
Error: [blastdbcmd] B5E0Y1: OID not found
Error: [blastdbcmd] A0A0R3NMP8: OID not found
Error: [blastdbcmd] Q28ZU0: OID not found
Error: [blastdbcmd] N6VFB1: OID not found
Error: [blastdbcmd] A0A0R3NRQ7: OID not found
Error: [blastdbcmd] Q292F4: OID not found
Error: [blastdbcmd] Q292F3: OID not found
Error: [blastdbcmd] Q28XM3: OID not found
Error: [blastdbcmd] Q28XH9: OID not found
Error: [blastdbcmd] Q28XH6: OID not found
Error: [blastdbcmd] Q28X64: OID not found
Error: [blastdbcmd] Q28X54: OID not found
Error: [blastdbcmd] A0A0R3NWD5: OID not found
Error: [blastdbcmd] Q291K5: OID not found
Error: [blastdbcmd] Q291K9: OID not found
Error: [blastdbcmd] Q291L2: OID not found
Error: [blastdbcmd] Q291D3: OID not found
Error: [blastdbcmd] Q291C2: OID not found
Error: [blastdbcmd] B5DZG4: OID not found
Error: [blastdbcmd] Q28YC5: OID not found
Error: [blastdbcmd] Q28ZM3: OID not found
Error: [blastdbcmd] N6W635: OID not found
Error: [blastdbcmd] Q28YM8: OID not found
Error: [blastdbcmd] Q28YM7: OID not found
Error: [blastdbcmd] Q28WQ9: OID not found
Error: [blastdbcmd] Q28WR5: OID not found
Error: [blastdbcmd] Q28X66: OID not found
Error: [blastdbcmd] B5E189: OID not found
Error: [blastdbcmd] B5DZY9: OID not found
Error: [blastdbcmd] Q28Z62: OID not found
Error: [blastdbcmd] Q28Z61: OID not found
Error: [blastdbcmd] Q291R1: OID not found
Error: [blastdbcmd] Q291S4: OID not found
Error: [blastdbcmd] Q291U2: OID not found
Error: [blastdbcmd] A0A0R3NTW3: OID not found
Error: [blastdbcmd] Q28WN6: OID not found
Error: [blastdbcmd] Q28WN8: OID not found
Error: [blastdbcmd] Q28WP6: OID not found
Error: [blastdbcmd] A0A0R3NNX4: OID not found
Error: [blastdbcmd] Q290K7: OID not found
Error: [blastdbcmd] A0A0R3NTI7: OID not found
Error: [blastdbcmd] Q290J7: OID not found
Error: [blastdbcmd] Q290S7: OID not found
Error: [blastdbcmd] Q28XD9: OID not found
Error: [blastdbcmd] Q28XD8: OID not found
Error: [blastdbcmd] Q291H1: OID not found
Error: [blastdbcmd] Q291G7: OID not found
Error: [blastdbcmd] Q291F9: OID not found
Error: [blastdbcmd] A0A0R3NLX5: OID not found
Error: [blastdbcmd] B5DZC8: OID not found
Error: [blastdbcmd] Q28Z35: OID not found
Error: [blastdbcmd] B5DZC0: OID not found
Error: [blastdbcmd] Q28XG2: OID not found
Error: [blastdbcmd] Q28XF9: OID not found
Error: [blastdbcmd] Q290R8: OID not found
Error: [blastdbcmd] B5DZ09: OID not found
Error: [blastdbcmd] Q28YS1: OID not found
Error: [blastdbcmd] N6V8B0: OID not found
Error: [blastdbcmd] Q28ZN2: OID not found
Error: [blastdbcmd] Q28ZN3: OID not found
Error: [blastdbcmd] A0A0R3NLK6: OID not found
Error: [blastdbcmd] B5DZP7: OID not found
Error: [blastdbcmd] Q291X9: OID not found
Error: [blastdbcmd] B5DZN9: OID not found
Error: [blastdbcmd] Q292H1: OID not found
Error: [blastdbcmd] A0A0R3NVC0: OID not found
Error: [blastdbcmd] N6W5Y1: OID not found
Error: [blastdbcmd] A0A0R3NTE4: OID not found
Error: [blastdbcmd] Q290P2: OID not found
Error: [blastdbcmd] Q28YG6: OID not found
Error: [blastdbcmd] Q28YF9: OID not found
Error: [blastdbcmd] Q28YE1: OID not found
Error: [blastdbcmd] Q28YE0: OID not found
Error: [blastdbcmd] B5DZA7: OID not found
Error: [blastdbcmd] Q28Z80: OID not found
Error: [blastdbcmd] B5DZ60: OID not found
Error: [blastdbcmd] A0A0R3NTF2: OID not found
Error: [blastdbcmd] A0A0R3NNL4: OID not found
Error: [blastdbcmd] Q28ZP8: OID not found
Error: [blastdbcmd] Q28ZQ0: OID not found
Error: [blastdbcmd] A0A0R3NN37: OID not found
Error: [blastdbcmd] A0A0R3NN95: OID not found
Error: [blastdbcmd] B5DW31: OID not found
Error: [blastdbcmd] B5E0L2: OID not found
Error: [blastdbcmd] I5AN85: OID not found
Error: [blastdbcmd] B5DW40: OID not found
Error: [blastdbcmd] Q290D7: OID not found
Error: [blastdbcmd] Q291S3: OID not found
Error: [blastdbcmd] N6VF67: OID not found
Error: [blastdbcmd] Q28ZH3: OID not found
Error: [blastdbcmd] Q290G3: OID not found
Error: [blastdbcmd] A0A0R3NPW4: OID not found
Error: [blastdbcmd] Q291I1: OID not found
Error: [blastdbcmd] N6W6E9: OID not found
Error: [blastdbcmd] A0A0R3NW27: OID not found
Error: [blastdbcmd] A0A0R3NKP2: OID not found
Error: [blastdbcmd] B5DZF5: OID not found
Error: [blastdbcmd] Q292H6: OID not found
Error: [blastdbcmd] N6V859: OID not found
Error: [blastdbcmd] B5E0N5: OID not found
Error: [blastdbcmd] Q28XT4: OID not found
Error: [blastdbcmd] A0A0R3NS56: OID not found
Error: [blastdbcmd] A0A0R3NMW3: OID not found
Error: [blastdbcmd] Q29AC4: OID not found
Error: [blastdbcmd] A0A0R3NK91: OID not found
Error: [blastdbcmd] B5DY72: OID not found
Error: [blastdbcmd] I5APS2: OID not found
Error: [blastdbcmd] Q299V3: OID not found
Error: [blastdbcmd] I5ANN2: OID not found
Error: [blastdbcmd] Q293L0: OID not found
Error: [blastdbcmd] B5DYV5: OID not found
Error: [blastdbcmd] B5DYP7: OID not found
Error: [blastdbcmd] B5DVQ3: OID not found
Error: [blastdbcmd] I5APL5: OID not found
Error: [blastdbcmd] A0A0R3NLQ8: OID not found
Error: [blastdbcmd] B5DVH8: OID not found
Error: [blastdbcmd] A0A0R3NUF4: OID not found
Error: [blastdbcmd] A0A0R3NTB8: OID not found
Error: [blastdbcmd] Q28ZA0: OID not found
Error: [blastdbcmd] Q28WL3: OID not found
Error: [blastdbcmd] N6W5D5: OID not found
Error: [blastdbcmd] Q28WX8: OID not found
Error: [blastdbcmd] Q292J3: OID not found
Error: [blastdbcmd] Q28XW2: OID not found
Error: [blastdbcmd] Q294A8: OID not found
Error: [blastdbcmd] Q29CH1: OID not found
Error: [blastdbcmd] I5ANW2: OID not found
Error: [blastdbcmd] A0A0R3NMH5: OID not found
Error: [blastdbcmd] Q29B39: OID not found
Error: [blastdbcmd] A0A0R3NGX8: OID not found
Error: [blastdbcmd] Q29AQ7: OID not found
Error: [blastdbcmd] Q295F9: OID not found
Error: [blastdbcmd] I5AP53: OID not found
Error: [blastdbcmd] I5AP54: OID not found
Error: [blastdbcmd] I5AP55: OID not found
Error: [blastdbcmd] Q28Y59: OID not found
Error: [blastdbcmd] Q28Y59: OID not found
Error: [blastdbcmd] Q28Y23: OID not found
Error: [blastdbcmd] Q28Y23: OID not found
Error: [blastdbcmd] Q28Y23: OID not found
Error: [blastdbcmd] Q29C98: OID not found
Error: [blastdbcmd] Q29C98: OID not found
Error: [blastdbcmd] A0A0R3NT30: OID not found
Error: [blastdbcmd] A0A0R3NH36: OID not found
Error: [blastdbcmd] A0A0R3NMX6: OID not found
Error: [blastdbcmd] Q290X6: OID not found
Error: [blastdbcmd] Q295Y1: OID not found
Error: [blastdbcmd] Q291I9: OID not found
Error: [blastdbcmd] Q28XM8: OID not found
Error: [blastdbcmd] Q28WU3: OID not found
Error: [blastdbcmd] A0A0R3NN73: OID not found
Error: [blastdbcmd] B5E0I4: OID not found
Error: [blastdbcmd] B5DVQ7: OID not found
Error: [blastdbcmd] Q295V9: OID not found
Error: [blastdbcmd] A0A0R3NK63: OID not found
Error: [blastdbcmd] A0A0R3NF15: OID not found
Error: [blastdbcmd] Q298K7: OID not found
Error: [blastdbcmd] B5DXX6: OID not found
Error: [blastdbcmd] I5ANG0: OID not found
Error: [blastdbcmd] B5DWJ8: OID not found
Error: [blastdbcmd] I5AP38: OID not found
Error: [blastdbcmd] I5AP95: OID not found
Error: [blastdbcmd] N6W6R8: OID not found
Error: [blastdbcmd] Q299P0: OID not found
Error: [blastdbcmd] Q29AN2: OID not found
Error: [blastdbcmd] B5DZ05: OID not found
Error: [blastdbcmd] Q28X45: OID not found
Error: [blastdbcmd] A0A0R3NGH3: OID not found
Error: [blastdbcmd] Q297I5: OID not found
Error: [blastdbcmd] Q297U1: OID not found
Error: [blastdbcmd] Q297T5: OID not found
Error: [blastdbcmd] Q29AN8: OID not found
Error: [blastdbcmd] B5DVZ5: OID not found
Error: [blastdbcmd] Q294H9: OID not found
Error: [blastdbcmd] Q28YL8: OID not found
Error: [blastdbcmd] Q29B52: OID not found
Error: [blastdbcmd] Q293X5: OID not found
Error: [blastdbcmd] Q290H4: OID not found
Error: [blastdbcmd] I5ANM2: OID not found
Error: [blastdbcmd] Q29B06: OID not found
Error: [blastdbcmd] Q292Z1: OID not found
Error: [blastdbcmd] Q296V6: OID not found
Error: [blastdbcmd] Q28X55: OID not found
Error: [blastdbcmd] Q29CC6: OID not found
Error: [blastdbcmd] Q29BE7: OID not found
Error: [blastdbcmd] Q290C4: OID not found
Error: [blastdbcmd] B5DZ83: OID not found
Error: [blastdbcmd] B5DY77: OID not found
Error: [blastdbcmd] Q28XU1: OID not found
Error: [blastdbcmd] B5E133: OID not found
Error: [blastdbcmd] Q299Q6: OID not found
Error: [blastdbcmd] Q295L4: OID not found
Error: [blastdbcmd] Q29A22: OID not found
Error: [blastdbcmd] I5ANA3: OID not found
Error: [blastdbcmd] Q28WP0: OID not found
Error: [blastdbcmd] Q297N4: OID not found
Error: [blastdbcmd] A0A0R3NMP5: OID not found
Error: [blastdbcmd] Q298U5: OID not found
Error: [blastdbcmd] Q295J6: OID not found
Error: [blastdbcmd] Q29AF0: OID not found
Error: [blastdbcmd] Q298J6: OID not found
Error: [blastdbcmd] A0A0R3NNH8: OID not found
Error: [blastdbcmd] Q294L0: OID not found
Error: [blastdbcmd] Q29CD4: OID not found
Error: [blastdbcmd] A0A0R3NWW2: OID not found
Error: [blastdbcmd] Q299B7: OID not found
Error: [blastdbcmd] B5E1A1: OID not found
Error: [blastdbcmd] B5DX70: OID not found
Error: [blastdbcmd] Q293Q3: OID not found
Error: [blastdbcmd] B5E0W7: OID not found
Error: [blastdbcmd] B5E0J9: OID not found
Error: [blastdbcmd] Q28XF3: OID not found
Error: [blastdbcmd] Q296U0: OID not found
Error: [blastdbcmd] Q296T6: OID not found
Error: [blastdbcmd] Q296T3: OID not found
Error: [blastdbcmd] Q298K9: OID not found
Error: [blastdbcmd] Q296Y3: OID not found
Error: [blastdbcmd] Q29BA1: OID not found
Error: [blastdbcmd] B5DYK6: OID not found
Error: [blastdbcmd] Q290L0: OID not found
Error: [blastdbcmd] B5DX70: OID not found
Error: [blastdbcmd] B5DZR8: OID not found
Error: [blastdbcmd] Q29B15: OID not found
Error: [blastdbcmd] I5AP85: OID not found
Error: [blastdbcmd] Q28XM9: OID not found
Error: [blastdbcmd] Q28Y23: OID not found
Error: [blastdbcmd] Q299R1: OID not found
Error: [blastdbcmd] Q290K1: OID not found
Error: [blastdbcmd] Q297R9: OID not found
Error: [blastdbcmd] Q293A3: OID not found
Error: [blastdbcmd] B5DXT9: OID not found
Error: [blastdbcmd] Q294S5: OID not found
Error: [blastdbcmd] Q294S5: OID not found
Error: [blastdbcmd] Q294S5: OID not found
Error: [blastdbcmd] Q299S3: OID not found
Error: [blastdbcmd] B5DZA0: OID not found
Error: [blastdbcmd] Q292I7: OID not found
Error: [blastdbcmd] Q292I6: OID not found
Error: [blastdbcmd] Q28Z81: OID not found
Error: [blastdbcmd] Q296U7: OID not found
Error: [blastdbcmd] Q299W2: OID not found
Error: [blastdbcmd] Q297A9: OID not found
Error: [blastdbcmd] A0A0R3NEW8: OID not found
Error: [blastdbcmd] B5DZS7: OID not found
Error: [blastdbcmd] Q298X6: OID not found
Error: [blastdbcmd] Q28XB6: OID not found
Error: [blastdbcmd] Q28WU4: OID not found
Error: [blastdbcmd] B5DW72: OID not found
Error: [blastdbcmd] Q29BA0: OID not found
Error: [blastdbcmd] Q296U8: OID not found
Error: [blastdbcmd] Q28Z88: OID not found
Error: [blastdbcmd] Q28Z89: OID not found
Error: [blastdbcmd] Q29AF5: OID not found
Error: [blastdbcmd] B5DWV2: OID not found
Error: [blastdbcmd] Q294A9: OID not found
Error: [blastdbcmd] I5AP72: OID not found
Error: [blastdbcmd] Q293P0: OID not found
Error: [blastdbcmd] Q28Z91: OID not found
Error: [blastdbcmd] I5ANS0: OID not found
Error: [blastdbcmd] Q297Q8: OID not found
Error: [blastdbcmd] Q299R3: OID not found
Error: [blastdbcmd] Q294C1: OID not found
Error: [blastdbcmd] B5DYG0: OID not found
Error: [blastdbcmd] Q29CE5: OID not found
Error: [blastdbcmd] B5E1D4: OID not found
Error: [blastdbcmd] Q298V2: OID not found
Error: [blastdbcmd] Q29B27: OID not found
Error: [blastdbcmd] N6VFR9: OID not found
Error: [blastdbcmd] Q296Y7: OID not found
Error: [blastdbcmd] Q296Y8: OID not found
Error: [blastdbcmd] Q299G4: OID not found
Error: [blastdbcmd] I5ANS6: OID not found
Error: [blastdbcmd] Q290K2: OID not found
Error: [blastdbcmd] I5ANU0: OID not found
Error: [blastdbcmd] Q293A9: OID not found
Error: [blastdbcmd] Q298B5: OID not found
Error: [blastdbcmd] Q299D2: OID not found
Error: [blastdbcmd] B5DXE4: OID not found
Error: [blastdbcmd] Q29BJ6: OID not found
Error: [blastdbcmd] Q296Z2: OID not found
Error: [blastdbcmd] A0A0R3NPG2: OID not found
Error: [blastdbcmd] N6W6W5: OID not found
Error: [blastdbcmd] Q291R3: OID not found
Error: [blastdbcmd] Q297D9: OID not found
Error: [blastdbcmd] Q28ZI4: OID not found
Error: [blastdbcmd] Q28X36: OID not found
Error: [blastdbcmd] Q29CC0: OID not found
Error: [blastdbcmd] Q29BL5: OID not found
Error: [blastdbcmd] B5DWT5: OID not found
Error: [blastdbcmd] Q28ZD6: OID not found
Error: [blastdbcmd] Q29C22: OID not found
Error: [blastdbcmd] Q298V5: OID not found
Error: [blastdbcmd] Q290I4: OID not found
Error: [blastdbcmd] Q28Y68: OID not found
Error: [blastdbcmd] Q29C99: OID not found
Error: [blastdbcmd] Q28ZU4: OID not found
Error: [blastdbcmd] Q28Z29: OID not found
Error: [blastdbcmd] Q292B8: OID not found
Error: [blastdbcmd] A0A0R3NL08: OID not found
Error: [blastdbcmd] Q29B43: OID not found
Error: [blastdbcmd] Q297T2: OID not found
Error: [blastdbcmd] Q29CD0: OID not found
Error: [blastdbcmd] Q290N0: OID not found
Error: [blastdbcmd] Q292X9: OID not found
Error: [blastdbcmd] A0A0R3NKI2: OID not found
Error: [blastdbcmd] A0A0R3NQL7: OID not found
Error: [blastdbcmd] Q296X7: OID not found
Error: [blastdbcmd] Q28WX5: OID not found
Error: [blastdbcmd] Q29AX7: OID not found
Error: [blastdbcmd] N6V8G8: OID not found
Error: [blastdbcmd] Q298G4: OID not found
Error: [blastdbcmd] N6WCZ8: OID not found
Error: [blastdbcmd] Q28YQ6: OID not found
Error: [blastdbcmd] Q295Z5: OID not found
Error: [blastdbcmd] A0A0R3NNI9: OID not found
Error: [blastdbcmd] Q28ZV6: OID not found
Error: [blastdbcmd] Q28XJ2: OID not found
Error: [blastdbcmd] B5DXS7: OID not found
Error: [blastdbcmd] I5APJ0: OID not found
Error: [blastdbcmd] B5DVF8: OID not found
Error: [blastdbcmd] Q295K1: OID not found
Error: [blastdbcmd] Q28WV0: OID not found
Error: [blastdbcmd] A0A0R3NHE9: OID not found
Error: [blastdbcmd] Q292R9: OID not found
Error: [blastdbcmd] Q290U9: OID not found
Error: [blastdbcmd] Q28Y41: OID not found
Error: [blastdbcmd] Q298M5: OID not found
Error: [blastdbcmd] B5E1J8: OID not found
Error: [blastdbcmd] B5DWN4: OID not found
Error: [blastdbcmd] Q294I0: OID not found
Error: [blastdbcmd] B5DWG2: OID not found
Error: [blastdbcmd] Q29C17: OID not found
Error: [blastdbcmd] Q28X59: OID not found
Error: [blastdbcmd] Q296F8: OID not found
Error: [blastdbcmd] Q293Q9: OID not found
Error: [blastdbcmd] Q29BS3: OID not found
Error: [blastdbcmd] Q28ZV5: OID not found
Error: [blastdbcmd] Q29BB5: OID not found
Error: [blastdbcmd] Q28Y23: OID not found
Error: [blastdbcmd] Q28Y22: OID not found
Error: [blastdbcmd] Q291N3: OID not found
Error: [blastdbcmd] I5AMY8: OID not found
Error: [blastdbcmd] Q292L7: OID not found
Error: [blastdbcmd] Q29AJ7: OID not found
Error: [blastdbcmd] Q299B2: OID not found
Error: [blastdbcmd] I5AP65: OID not found
Error: [blastdbcmd] Q295Z2: OID not found
Error: [blastdbcmd] Q29B24: OID not found
Error: [blastdbcmd] Q29AR5: OID not found
Error: [blastdbcmd] Q28Z04: OID not found
Error: [blastdbcmd] Q292K3: OID not found
Error: [blastdbcmd] Q290X7: OID not found
Error: [blastdbcmd] Q28YV1: OID not found
Error: [blastdbcmd] Q28XE0: OID not found
Error: [blastdbcmd] Q290J5: OID not found
Error: [blastdbcmd] Q291B1: OID not found
Error: [blastdbcmd] Q28ZI6: OID not found
Error: [blastdbcmd] I5ANU3: OID not found
Error: [blastdbcmd] Q293R4: OID not found
Error: [blastdbcmd] Q28ZZ9: OID not found
Error: [blastdbcmd] Q299V2: OID not found
Error: [blastdbcmd] Q294A1: OID not found
Error: [blastdbcmd] Q28YY6: OID not found
Error: [blastdbcmd] A0A0R3NQ70: OID not found
Error: [blastdbcmd] Q28X51: OID not found
Error: [blastdbcmd] Q28Z93: OID not found
Error: [blastdbcmd] B5DX15: OID not found
Error: [blastdbcmd] B5DWV1: OID not found
Error: [blastdbcmd] B5DWZ7: OID not found
Error: [blastdbcmd] Q28YK7: OID not found
Error: [blastdbcmd] B5E1M2: OID not found
Error: [blastdbcmd] Q298N1: OID not found
Error: [blastdbcmd] Q297K0: OID not found
Error: [blastdbcmd] Q290U3: OID not found
Error: [blastdbcmd] A0A0R3NP52: OID not found
Error: [blastdbcmd] Q28Y01: OID not found
Error: [blastdbcmd] Q28X16: OID not found
Error: [blastdbcmd] Q295M8: OID not found
Error: [blastdbcmd] Q293J9: OID not found
Error: [blastdbcmd] Q28XN3: OID not found
Error: [blastdbcmd] Q298Q3: OID not found
Error: [blastdbcmd] Q28YL4: OID not found
Error: [blastdbcmd] A0A0R3NJA5: OID not found
Error: [blastdbcmd] B5DWE5: OID not found
Error: [blastdbcmd] Q296T4: OID not found
Error: [blastdbcmd] B5DZ75: OID not found
Error: [blastdbcmd] Q28Y79: OID not found
Error: [blastdbcmd] Q28ZD4: OID not found
Error: [blastdbcmd] I5APP3: OID not found
Error: [blastdbcmd] I5ANI6: OID not found
Error: [blastdbcmd] Q299B6: OID not found
Error: [blastdbcmd] B5E159: OID not found
Error: [blastdbcmd] Q28ZZ2: OID not found
Error: [blastdbcmd] Q294B8: OID not found
Error: [blastdbcmd] Q297X2: OID not found
Error: [blastdbcmd] Q298B1: OID not found
Error: [blastdbcmd] Q29BR7: OID not found
Error: [blastdbcmd] B5E132: OID not found
Error: [blastdbcmd] Q298M7: OID not found
Error: [blastdbcmd] Q295N3: OID not found
Error: [blastdbcmd] Q294W1: OID not found
Error: [blastdbcmd] Q298Q9: OID not found
Error: [blastdbcmd] Q299D5: OID not found
Error: [blastdbcmd] I5APZ0: OID not found
Error: [blastdbcmd] Q28ZR5: OID not found
Error: [blastdbcmd] B5E039: OID not found
Error: [blastdbcmd] Q297C5: OID not found
Error: [blastdbcmd] Q29BM0: OID not found
Error: [blastdbcmd] B5DZG9: OID not found
Error: [blastdbcmd] B5DZS7: OID not found
Error: [blastdbcmd] Q290U0: OID not found
Error: [blastdbcmd] Q28YZ3: OID not found
Error: [blastdbcmd] Q298X5: OID not found
Error: [blastdbcmd] Q28ZF4: OID not found
Error: [blastdbcmd] Q299Z3: OID not found
Error: [blastdbcmd] Q29B15: OID not found
Error: [blastdbcmd] A0A0R3NHV9: OID not found
Error: [blastdbcmd] B5DVZ6: OID not found
Error: [blastdbcmd] N6VFI0: OID not found
Error: [blastdbcmd] Q299A5: OID not found
Error: [blastdbcmd] Q29AY5: OID not found
Error: [blastdbcmd] Q298F7: OID not found
Error: [blastdbcmd] Q291D4: OID not found
Error: [blastdbcmd] Q297T7: OID not found
Error: [blastdbcmd] Q296W0: OID not found
Error: [blastdbcmd] Q290X0: OID not found
Error: [blastdbcmd] A0A0R3NW13: OID not found
Error: [blastdbcmd] Q296Y6: OID not found
Error: [blastdbcmd] Q296Y2: OID not found
Error: [blastdbcmd] Q296Y1: OID not found
Error: [blastdbcmd] N6V8I7: OID not found
Error: [blastdbcmd] B5DWL8: OID not found
Error: [blastdbcmd] A0A0R3NK64: OID not found
Error: [blastdbcmd] Q293K2: OID not found
Error: [blastdbcmd] Q28Y56: OID not found
Error: [blastdbcmd] B5DYV4: OID not found
Error: [blastdbcmd] Q28WU5: OID not found
Error: [blastdbcmd] Q291D6: OID not found
Error: [blastdbcmd] A0A0R3NEN3: OID not found
Error: [blastdbcmd] B5DWD8: OID not found
Error: [blastdbcmd] Q29B27: OID not found
Error: [blastdbcmd] Q290I6: OID not found
Error: [blastdbcmd] Q290E0: OID not found
Error: [blastdbcmd] B5DXG4: OID not found
Error: [blastdbcmd] Q28Z87: OID not found
Error: [blastdbcmd] Q29C13: OID not found
Error: [blastdbcmd] Q298G2: OID not found
Error: [blastdbcmd] I7LSV0: OID not found
Error: [blastdbcmd] Q29BU7: OID not found
Error: [blastdbcmd] Q295D4: OID not found
Error: [blastdbcmd] Q28ZC3: OID not found
Error: [blastdbcmd] Q29A86: OID not found
Error: [blastdbcmd] Q28ZT1: OID not found
Error: [blastdbcmd] I5AP32: OID not found
Error: [blastdbcmd] Q28ZI0: OID not found
Error: [blastdbcmd] A0A0R3NQ45: OID not found
Error: [blastdbcmd] Q28ZJ2: OID not found
Error: [blastdbcmd] Q28ZI9: OID not found
Error: [blastdbcmd] B5E1F8: OID not found
Error: [blastdbcmd] Q28ZN9: OID not found
Error: [blastdbcmd] Q290E9: OID not found
Error: [blastdbcmd] Q28YW0: OID not found
Error: [blastdbcmd] Q28X69: OID not found
Error: [blastdbcmd] B5E1F7: OID not found
Error: [blastdbcmd] Q28X63: OID not found
Error: [blastdbcmd] Q28YH6: OID not found
Error: [blastdbcmd] Q292D8: OID not found
Error: [blastdbcmd] Q28XA7: OID not found
Error: [blastdbcmd] N6WCC8: OID not found
Error: [blastdbcmd] Q290Y8: OID not found
Error: [blastdbcmd] I5AMT6: OID not found
Error: [blastdbcmd] Q297T4: OID not found
Error: [blastdbcmd] Q29BX5: OID not found
Error: [blastdbcmd] Q29AA3: OID not found
Error: [blastdbcmd] Q29A50: OID not found
Error: [blastdbcmd] Q29A04: OID not found
Error: [blastdbcmd] I5ANH8: OID not found
Error: [blastdbcmd] B5DYW4: OID not found
Error: [blastdbcmd] Q29A70: OID not found
Error: [blastdbcmd] Q29AY3: OID not found
Error: [blastdbcmd] B5DVI0: OID not found
Error: [blastdbcmd] I5ANB7: OID not found
Error: [blastdbcmd] B5DWC7: OID not found
Error: [blastdbcmd] B5DYD6: OID not found
Error: [blastdbcmd] Q29CF1: OID not found
Error: [blastdbcmd] Q294J9: OID not found
Error: [blastdbcmd] Q297K6: OID not found
Error: [blastdbcmd] B5E1I7: OID not found
Error: [blastdbcmd] N6W4D5: OID not found
Error: [blastdbcmd] Q28XC3: OID not found
Error: [blastdbcmd] Q297X3: OID not found
Error: [blastdbcmd] Q28WP5: OID not found
Error: [blastdbcmd] Q28X50: OID not found
Error: [blastdbcmd] B5DXY5: OID not found
Error: [blastdbcmd] Q299T6: OID not found
Error: [blastdbcmd] Q291J2: OID not found
Error: [blastdbcmd] Q298W2: OID not found
Error: [blastdbcmd] B5E1H5: OID not found
Error: [blastdbcmd] Q295X4: OID not found
Error: [blastdbcmd] I5APU1: OID not found
Error: [blastdbcmd] Q29AR4: OID not found
Error: [blastdbcmd] Q291Q9: OID not found
Error: [blastdbcmd] Q292C3: OID not found
Error: [blastdbcmd] B5E1G4: OID not found
Error: [blastdbcmd] Q28YB0: OID not found
Error: [blastdbcmd] Q290L4: OID not found
Error: [blastdbcmd] Q296B8: OID not found
Error: [blastdbcmd] B5DZT9: OID not found
Error: [blastdbcmd] Q293F0: OID not found
Error: [blastdbcmd] Q28ZG1: OID not found
Error: [blastdbcmd] Q28Y34: OID not found
Error: [blastdbcmd] B5E0Y5: OID not found
Error: [blastdbcmd] B5DW89: OID not found
Error: [blastdbcmd] Q29AG7: OID not found
Error: [blastdbcmd] Q29BI4: OID not found
Error: [blastdbcmd] Q294B7: OID not found
Error: [blastdbcmd] Q29BM2: OID not found
Error: [blastdbcmd] Q298Q4: OID not found
Error: [blastdbcmd] A0A0R3NPH9: OID not found
Error: [blastdbcmd] B5DWC8: OID not found
Error: [blastdbcmd] Q298K6: OID not found
Error: [blastdbcmd] Q29BV5: OID not found
Error: [blastdbcmd] Q294C5: OID not found
Error: [blastdbcmd] Q292K4: OID not found
Error: [blastdbcmd] Q28YI1: OID not found
Error: [blastdbcmd] Q29C69: OID not found
Error: [blastdbcmd] Q292S5: OID not found
Error: [blastdbcmd] Q29C82: OID not found
Error: [blastdbcmd] Q294L1: OID not found
Error: [blastdbcmd] Q292I8: OID not found
Error: [blastdbcmd] Q296G0: OID not found
Error: [blastdbcmd] Q28X67: OID not found
Error: [blastdbcmd] B5DZ43: OID not found
Error: [blastdbcmd] Q28ZU1: OID not found
Error: [blastdbcmd] B5E183: OID not found
Error: [blastdbcmd] Q290Z4: OID not found
Error: [blastdbcmd] A0A0R3NMX5: OID not found
Error: [blastdbcmd] Q28ZI2: OID not found
Error: [blastdbcmd] Q28YM1: OID not found
Error: [blastdbcmd] B5DVL5: OID not found
Error: [blastdbcmd] A0A0R3NHU4: OID not found
Error: [blastdbcmd] Q28ZP5: OID not found
Error: [blastdbcmd] Q290E6: OID not found
Error: [blastdbcmd] Q28ZA6: OID not found
Error: [blastdbcmd] Q292Z8: OID not found
Error: [blastdbcmd] Q29AT1: OID not found
Error: [blastdbcmd] Q292X8: OID not found
Error: [blastdbcmd] Q28YV7: OID not found
Error: [blastdbcmd] Q28YT1: OID not found
Error: [blastdbcmd] Q290Z8: OID not found
Error: [blastdbcmd] Q291Q6: OID not found
Error: [blastdbcmd] Q291K7: OID not found
Error: [blastdbcmd] Q28XX6: OID not found
Error: [blastdbcmd] B5DXL5: OID not found
Error: [blastdbcmd] Q294Z8: OID not found
Error: [blastdbcmd] Q299H5: OID not found
Error: [blastdbcmd] Q28ZA8: OID not found
Error: [blastdbcmd] Q28ZW7: OID not found
Error: [blastdbcmd] Q28X60: OID not found
Error: [blastdbcmd] Q292H7: OID not found
Error: [blastdbcmd] B5E0J6: OID not found
Error: [blastdbcmd] B5DWU4: OID not found
Error: [blastdbcmd] I7KU16: OID not found
Error: [blastdbcmd] Q28XK7: OID not found
Error: [blastdbcmd] B5DZA2: OID not found
Error: [blastdbcmd] Q28XC0: OID not found
Error: [blastdbcmd] Q292G6: OID not found
Error: [blastdbcmd] B5E0M6: OID not found
Error: [blastdbcmd] Q291C8: OID not found
Error: [blastdbcmd] Q28YA3: OID not found
Error: [blastdbcmd] Q295Y0: OID not found
Error: [blastdbcmd] Q291B7: OID not found
Error: [blastdbcmd] B5E155: OID not found
Error: [blastdbcmd] B5E178: OID not found
Error: [blastdbcmd] B5E1A8: OID not found
Error: [blastdbcmd] Q29CE8: OID not found
Error: [blastdbcmd] Q290T7: OID not found
Error: [blastdbcmd] Q28ZF2: OID not found
Error: [blastdbcmd] Q28ZW6: OID not found
Error: [blastdbcmd] B5E1L1: OID not found
Error: [blastdbcmd] Q291G8: OID not found
Error: [blastdbcmd] Q28Z52: OID not found
Error: [blastdbcmd] Q28YN4: OID not found
Error: [blastdbcmd] Q292S3: OID not found
Error: [blastdbcmd] Q28WT4: OID not found
Error: [blastdbcmd] Q290Z3: OID not found
Error: [blastdbcmd] I5AN79: OID not found
Error: [blastdbcmd] Q28YC3: OID not found
Error: [blastdbcmd] Q28XZ3: OID not found
Error: [blastdbcmd] Q292K7: OID not found
Error: [blastdbcmd] A0A0R3NM99: OID not found
Error: [blastdbcmd] Q28XA8: OID not found
Error: [blastdbcmd] N6V8P2: OID not found
Error: [blastdbcmd] Q28Y99: OID not found
Error: [blastdbcmd] Q28YW1: OID not found
Error: [blastdbcmd] A0A0R3NSX6: OID not found
Error: [blastdbcmd] Q28ZI3: OID not found
Error: [blastdbcmd] B5E190: OID not found
Error: [blastdbcmd] Q28Y19: OID not found
Error: [blastdbcmd] Q290W0: OID not found
Error: [blastdbcmd] Q28XU6: OID not found
Error: [blastdbcmd] Q28XG3: OID not found
Error: [blastdbcmd] Q292W9: OID not found
Error: [blastdbcmd] Q28YK4: OID not found
Error: [blastdbcmd] Q28ZA7: OID not found
Error: [blastdbcmd] Q28Y38: OID not found
Error: [blastdbcmd] Q28XK1: OID not found
Error: [blastdbcmd] Q290Q5: OID not found
Error: [blastdbcmd] I7M4R5: OID not found
Error: [blastdbcmd] Q292Y3: OID not found
Error: [blastdbcmd] Q28YX3: OID not found
Error: [blastdbcmd] Q28XI6: OID not found
Error: [blastdbcmd] Q28ZN0: OID not found
Error: [blastdbcmd] Q297W3: OID not found
Error: [blastdbcmd] Q28WS2: OID not found
Error: [blastdbcmd] Q290S4: OID not found
Error: [blastdbcmd] Q28YR2: OID not found
Error: [blastdbcmd] Q28XJ8: OID not found
Error: [blastdbcmd] Q28YG5: OID not found
Error: [blastdbcmd] Q28Z03: OID not found
Error: [blastdbcmd] Q291I0: OID not found
Error: [blastdbcmd] Q292V8: OID not found
Error: [blastdbcmd] Q28XT0: OID not found
Error: [blastdbcmd] A0A0R3NPG1: OID not found
Error: [blastdbcmd] Q29BH0: OID not found
Error: [blastdbcmd] Q292W1: OID not found
Error: [blastdbcmd] Q28X83: OID not found
Error: [blastdbcmd] Q28ZX6: OID not found
Error: [blastdbcmd] Q290H0: OID not found
Error: [blastdbcmd] Q28ZU3: OID not found
Error: [blastdbcmd] B5E134: OID not found
Error: [blastdbcmd] Q28Z43: OID not found
Error: [blastdbcmd] Q290P5: OID not found
Error: [blastdbcmd] Q290T5: OID not found
Error: [blastdbcmd] Q291A7: OID not found
Error: [blastdbcmd] Q28X02: OID not found
Error: [blastdbcmd] Q292N5: OID not found
Error: [blastdbcmd] Q290N6: OID not found
Error: [blastdbcmd] B5DZD7: OID not found
Error: [blastdbcmd] Q290J6: OID not found
Error: [blastdbcmd] Q28ZN1: OID not found
Error: [blastdbcmd] Q28ZN4: OID not found
Error: [blastdbcmd] Q290N4: OID not found
Error: [blastdbcmd] Q28X30: OID not found
Error: [blastdbcmd] Q28XY4: OID not found
Error: [blastdbcmd] Q28XV5: OID not found
Error: [blastdbcmd] Q28YH0: OID not found
Error: [blastdbcmd] Q293D3: OID not found
Error: [blastdbcmd] Q28YL0: OID not found
Error: [blastdbcmd] Q292V3: OID not found
Error: [blastdbcmd] Q290K8: OID not found
Error: [blastdbcmd] Q28YH2: OID not found
Error: [blastdbcmd] Q291F7: OID not found
Error: [blastdbcmd] Q28XC1: OID not found
Error: [blastdbcmd] Q293H2: OID not found
Error: [blastdbcmd] Q28XJ4: OID not found
Error: [blastdbcmd] Q28WR4: OID not found
Error: [blastdbcmd] Q28XM4: OID not found
Error: [blastdbcmd] Q28ZA5: OID not found
Error: [blastdbcmd] Q28ZU9: OID not found
Error: [blastdbcmd] Q28ZW5: OID not found
Error: [blastdbcmd] Q291C9: OID not found
Error: [blastdbcmd] B5E101: OID not found
Error: [blastdbcmd] Q291F1: OID not found
Error: [blastdbcmd] Q290F1: OID not found
Error: [blastdbcmd] Q291U5: OID not found
Error: [blastdbcmd] B5E1H3: OID not found
Error: [blastdbcmd] Q29BW6: OID not found
Error: [blastdbcmd] Q291H3: OID not found
Error: [blastdbcmd] Q28ZX4: OID not found
Error: [blastdbcmd] Q292Z2: OID not found
Error: [blastdbcmd] Q28XU5: OID not found
Error: [blastdbcmd] Q290W2: OID not found
Error: [blastdbcmd] Q28ZA3: OID not found
Error: [blastdbcmd] B5DWY3: OID not found
Error: [blastdbcmd] Q292Z9: OID not found
Error: [blastdbcmd] Q28WK3: OID not found
Error: [blastdbcmd] B5E0E4: OID not found
Error: [blastdbcmd] Q28X58: OID not found
Error: [blastdbcmd] Q291H7: OID not found
Error: [blastdbcmd] B5E0Y7: OID not found
Error: [blastdbcmd] Q291S9: OID not found
Error: [blastdbcmd] Q290Q3: OID not found
Error: [blastdbcmd] Q28XK4: OID not found
Error: [blastdbcmd] I7KLG7: OID not found
Error: [blastdbcmd] Q290J2: OID not found
Error: [blastdbcmd] Q28XY2: OID not found
Error: [blastdbcmd] Q28XG4: OID not found
Error: [blastdbcmd] Q28YK0: OID not found
Error: [blastdbcmd] Q292W4: OID not found
Error: [blastdbcmd] Q28X65: OID not found
Error: [blastdbcmd] Q28Y08: OID not found
Error: [blastdbcmd] Q28ZD5: OID not found
Error: [blastdbcmd] Q28YM2: OID not found
Error: [blastdbcmd] Q291M0: OID not found
Error: [blastdbcmd] Q290V8: OID not found
Error: [blastdbcmd] Q292P3: OID not found
Error: [blastdbcmd] Q291S0: OID not found
Error: [blastdbcmd] Q291Y3: OID not found
Error: [blastdbcmd] Q28XK2: OID not found
Error: [blastdbcmd] Q292E2: OID not found
Error: [blastdbcmd] Q28ZT9: OID not found
Error: [blastdbcmd] Q28XI7: OID not found
Error: [blastdbcmd] Q28X04: OID not found
Error: [blastdbcmd] Q298B7: OID not found
Error: [blastdbcmd] Q28XX8: OID not found
Error: [blastdbcmd] Q291B6: OID not found
Error: [blastdbcmd] Q290F8: OID not found
Error: [blastdbcmd] Q292W3: OID not found
Error: [blastdbcmd] B5DZ21: OID not found
Error: [blastdbcmd] Q293E9: OID not found
Error: [blastdbcmd] Q290S1: OID not found
Error: [blastdbcmd] Q28X73: OID not found
Error: [blastdbcmd] Q290Y1: OID not found
Error: [blastdbcmd] Q292K9: OID not found
Error: [blastdbcmd] Q28XZ8: OID not found
Error: [blastdbcmd] Q28X05: OID not found
Error: [blastdbcmd] Q28ZP7: OID not found
Error: [blastdbcmd] Q293H0: OID not found
Error: [blastdbcmd] Q28Y76: OID not found
Error: [blastdbcmd] Q292S7: OID not found
Error: [blastdbcmd] Q28XM1: OID not found
Error: [blastdbcmd] Q28ZV9: OID not found
Error: [blastdbcmd] Q28Z33: OID not found
Error: [blastdbcmd] Q298F5: OID not found
Error: [blastdbcmd] Q28Z01: OID not found
Error: [blastdbcmd] Q28WR3: OID not found
Error: [blastdbcmd] A0A0R3NUZ6: OID not found
Error: [blastdbcmd] Q28YI3: OID not found
Error: [blastdbcmd] Q28YB8: OID not found
Error: [blastdbcmd] Q28ZN8: OID not found
Error: [blastdbcmd] B5DZG6: OID not found
Error: [blastdbcmd] Q29C72: OID not found
Error: [blastdbcmd] Q292G7: OID not found
Error: [blastdbcmd] Q28YU6: OID not found
Error: [blastdbcmd] Q290Z5: OID not found
Error: [blastdbcmd] Q28ZC5: OID not found
Error: [blastdbcmd] Q28X17: OID not found
Error: [blastdbcmd] B5E0Y6: OID not found
Error: [blastdbcmd] Q28YK3: OID not found
Error: [blastdbcmd] Q28ZT8: OID not found
Error: [blastdbcmd] Q299A2: OID not found
Error: [blastdbcmd] Q28WJ6: OID not found
Error: [blastdbcmd] Q291S8: OID not found
Error: [blastdbcmd] Q29B20: OID not found
Error: [blastdbcmd] Q291U3: OID not found
Error: [blastdbcmd] Q28YS4: OID not found
Error: [blastdbcmd] Q28ZX7: OID not found
Error: [blastdbcmd] Q292V4: OID not found
Error: [blastdbcmd] Q290I9: OID not found
Error: [blastdbcmd] N6VF79: OID not found
Error: [blastdbcmd] B5E1F5: OID not found
Error: [blastdbcmd] Q28WL2: OID not found
Error: [blastdbcmd] Q28X81: OID not found
Error: [blastdbcmd] Q28Z64: OID not found
Error: [blastdbcmd] Q29AC1: OID not found
Error: [blastdbcmd] Q28XF1: OID not found
Error: [blastdbcmd] Q292U3: OID not found
Error: [blastdbcmd] Q290V9: OID not found
Error: [blastdbcmd] Q28Y93: OID not found
Error: [blastdbcmd] Q28Y57: OID not found
Error: [blastdbcmd] Q28YE4: OID not found
Error: [blastdbcmd] A0A0R3NLH0: OID not found
Error: [blastdbcmd] Q28WN9: OID not found
Error: [blastdbcmd] Q28XZ2: OID not found
Error: [blastdbcmd] Q28Z44: OID not found
Error: [blastdbcmd] Q291E9: OID not found
Error: [blastdbcmd] Q28ZW2: OID not found
Error: [blastdbcmd] Q28ZB7: OID not found
Error: [blastdbcmd] Q293E0: OID not found
Error: [blastdbcmd] Q28YH4: OID not found
Error: [blastdbcmd] Q290Y7: OID not found
Error: [blastdbcmd] B5E078: OID not found
Error: [blastdbcmd] Q28YR7: OID not found
Error: [blastdbcmd] Q28Y95: OID not found
Error: [blastdbcmd] Q28XU9: OID not found
Error: [blastdbcmd] Q292E9: OID not found
Error: [blastdbcmd] Q28XZ1: OID not found
Error: [blastdbcmd] Q290Y6: OID not found
Error: [blastdbcmd] Q28XF7: OID not found
Error: [blastdbcmd] Q29BN5: OID not found
Error: [blastdbcmd] I5APZ7: OID not found
Error: [blastdbcmd] Q291G9: OID not found
Error: [blastdbcmd] Q290S6: OID not found
Error: [blastdbcmd] Q28Y31: OID not found
Error: [blastdbcmd] Q290U1: OID not found
Error: [blastdbcmd] Q28WX9: OID not found
Error: [blastdbcmd] Q28YS3: OID not found
Error: [blastdbcmd] Q28XL0: OID not found
Error: [blastdbcmd] A0A0R3NQ61: OID not found
Error: [blastdbcmd] Q28X57: OID not found
Error: [blastdbcmd] Q28XD0: OID not found
Error: [blastdbcmd] Q28YB7: OID not found
Error: [blastdbcmd] Q28XJ6: OID not found
Error: [blastdbcmd] Q290M6: OID not found
Error: [blastdbcmd] A0A0R3NGA2: OID not found
Error: [blastdbcmd] Q299Y2: OID not found
Error: [blastdbcmd] Q296Z3: OID not found
Error: [blastdbcmd] Q29C05: OID not found
Error: [blastdbcmd] B5DXM0: OID not found
Error: [blastdbcmd] Q294F7: OID not found
Error: [blastdbcmd] Q298E6: OID not found
Error: [blastdbcmd] Q299M8: OID not found
Error: [blastdbcmd] Q29A88: OID not found
Error: [blastdbcmd] Q297H6: OID not found
Error: [blastdbcmd] Q298X2: OID not found
Error: [blastdbcmd] Q295C2: OID not found
Error: [blastdbcmd] B5DVX7: OID not found
Error: [blastdbcmd] Q295Q1: OID not found
Error: [blastdbcmd] B5DXY4: OID not found
Error: [blastdbcmd] Q297M3: OID not found
Error: [blastdbcmd] Q290A3: OID not found
Error: [blastdbcmd] B5DZA9: OID not found
Error: [blastdbcmd] B5E1L9: OID not found
Error: [blastdbcmd] Q290M0: OID not found
Error: [blastdbcmd] Q291A4: OID not found
Error: [blastdbcmd] B5DVP9: OID not found
Error: [blastdbcmd] I5APL2: OID not found
Error: [blastdbcmd] B5DVW6: OID not found
Error: [blastdbcmd] N6WBR6: OID not found
Error: [blastdbcmd] B5E0T4: OID not found
Error: [blastdbcmd] B5DX60: OID not found
Error: [blastdbcmd] Q29AA8: OID not found
Error: [blastdbcmd] Q295T4: OID not found
Error: [blastdbcmd] B5DZQ9: OID not found
Error: [blastdbcmd] Q299C8: OID not found
Error: [blastdbcmd] A0A0R3NKE4: OID not found
Error: [blastdbcmd] B5DZE5: OID not found
Error: [blastdbcmd] Q29B09: OID not found
Error: [blastdbcmd] B5DVI8: OID not found
Error: [blastdbcmd] B5E1M9: OID not found
Error: [blastdbcmd] A0A0R3NHX9: OID not found
Error: [blastdbcmd] N6WCA6: OID not found
Error: [blastdbcmd] B5DXW0: OID not found
Error: [blastdbcmd] Q296E7: OID not found
Error: [blastdbcmd] I5ANL3: OID not found
Error: [blastdbcmd] B5DXD2: OID not found
Error: [blastdbcmd] Q297L4: OID not found
Error: [blastdbcmd] Q299A8: OID not found
Error: [blastdbcmd] Q28Y54: OID not found
Error: [blastdbcmd] Q29B80: OID not found
Error: [blastdbcmd] Q28XW9: OID not found
Error: [blastdbcmd] A0A0R3NTB9: OID not found
Error: [blastdbcmd] Q29CA4: OID not found
Error: [blastdbcmd] I5AMW3: OID not found
Error: [blastdbcmd] I5ANE4: OID not found
Error: [blastdbcmd] Q297C7: OID not found
Error: [blastdbcmd] I5ANY9: OID not found
Error: [blastdbcmd] Q298L3: OID not found
Error: [blastdbcmd] B5DYA3: OID not found
Error: [blastdbcmd] Q29BK7: OID not found
Error: [blastdbcmd] Q29B01: OID not found
Error: [blastdbcmd] Q29AX1: OID not found
Error: [blastdbcmd] Q299N8: OID not found
Error: [blastdbcmd] Q294V1: OID not found
Error: [blastdbcmd] I5APN9: OID not found
Error: [blastdbcmd] Q293J0: OID not found
Error: [blastdbcmd] B5DXX5: OID not found
Error: [blastdbcmd] Q299B1: OID not found
Error: [blastdbcmd] A0A0R3NM33: OID not found
Error: [blastdbcmd] Q29B15: OID not found
Error: [blastdbcmd] Q295A1: OID not found
Error: [blastdbcmd] Q293Q6: OID not found
Error: [blastdbcmd] B5DVQ7: OID not found
Error: [blastdbcmd] B5DWH6: OID not found
Error: [blastdbcmd] Q298R5: OID not found
Error: [blastdbcmd] A0A0R3NJF1: OID not found
Error: [blastdbcmd] I5APC8: OID not found
Error: [blastdbcmd] Q297M5: OID not found
Error: [blastdbcmd] I5APH5: OID not found
Error: [blastdbcmd] Q296F2: OID not found
Error: [blastdbcmd] Q298A1: OID not found
Error: [blastdbcmd] B5DYR7: OID not found
Error: [blastdbcmd] B5E198: OID not found
Error: [blastdbcmd] Q291D9: OID not found
Error: [blastdbcmd] Q28XI4: OID not found
Error: [blastdbcmd] Q28ZE1: OID not found
Error: [blastdbcmd] Q28XR7: OID not found
Error: [blastdbcmd] A0A0R3NRR1: OID not found
Error: [blastdbcmd] Q28WK6: OID not found
Error: [blastdbcmd] B5E191: OID not found
Error: [blastdbcmd] Q291B9: OID not found
Error: [blastdbcmd] Q293A4: OID not found
Error: [blastdbcmd] Q290A1: OID not found
Error: [blastdbcmd] Q290A4: OID not found
Error: [blastdbcmd] Q290A6: OID not found
Error: [blastdbcmd] Q28ZL1: OID not found
Error: [blastdbcmd] Q28ZJ4: OID not found
Error: [blastdbcmd] Q291E5: OID not found
Error: [blastdbcmd] B5DZH8: OID not found
Error: [blastdbcmd] B5DZT7: OID not found
Error: [blastdbcmd] Q28X38: OID not found
Error: [blastdbcmd] Q29C61: OID not found
Error: [blastdbcmd] A0A0R3NKW5: OID not found
Error: [blastdbcmd] B5DZD0: OID not found
Error: [blastdbcmd] Q291M7: OID not found
Error: [blastdbcmd] Q291M9: OID not found
Error: [blastdbcmd] B5E031: OID not found
Error: [blastdbcmd] B5DZF4: OID not found
Error: [blastdbcmd] Q28ZC8: OID not found
Error: [blastdbcmd] B5DXF7: OID not found
Error: [blastdbcmd] Q291X6: OID not found
Error: [blastdbcmd] Q29A05: OID not found
Error: [blastdbcmd] Q294U0: OID not found
Error: [blastdbcmd] Q298Y9: OID not found
Error: [blastdbcmd] Q28YB3: OID not found
Error: [blastdbcmd] B5DZS1: OID not found
Error: [blastdbcmd] Q29C12: OID not found
Error: [blastdbcmd] B5DX55: OID not found
Error: [blastdbcmd] B5E0W0: OID not found
Error: [blastdbcmd] Q299W4: OID not found
Error: [blastdbcmd] I5ANC9: OID not found
Error: [blastdbcmd] N6WCS6: OID not found
Error: [blastdbcmd] Q297L3: OID not found
Error: [blastdbcmd] Q28XR8: OID not found
Error: [blastdbcmd] Q299H4: OID not found
Error: [blastdbcmd] Q291X2: OID not found
Error: [blastdbcmd] B5DWM0: OID not found
Error: [blastdbcmd] Q295M2: OID not found
Error: [blastdbcmd] Q290E4: OID not found
Error: [blastdbcmd] Q293G5: OID not found
Error: [blastdbcmd] B5DZ74: OID not found
Error: [blastdbcmd] Q294K6: OID not found
Error: [blastdbcmd] Q295T7: OID not found
Error: [blastdbcmd] Q295M4: OID not found
Error: [blastdbcmd] B5E1B1: OID not found
Error: [blastdbcmd] Q28XB4: OID not found
Error: [blastdbcmd] Q28XK8: OID not found
Error: [blastdbcmd] Q28YC6: OID not found
Error: [blastdbcmd] B5DWF7: OID not found
Error: [blastdbcmd] Q291J3: OID not found
Error: [blastdbcmd] Q295B7: OID not found
Error: [blastdbcmd] Q294L5: OID not found
Error: [blastdbcmd] Q294L6: OID not found
Error: [blastdbcmd] Q28Y09: OID not found
Error: [blastdbcmd] Q293N6: OID not found
Error: [blastdbcmd] Q28WK1: OID not found
Error: [blastdbcmd] Q290K6: OID not found
Error: [blastdbcmd] Q28WN4: OID not found
Error: [blastdbcmd] B5DVQ6: OID not found
Error: [blastdbcmd] A0A0R3NMZ9: OID not found
Error: [blastdbcmd] Q299W5: OID not found
Error: [blastdbcmd] Q28YP6: OID not found
Error: [blastdbcmd] A0A0R3NQS7: OID not found
Error: [blastdbcmd] Q290B2: OID not found
Error: [blastdbcmd] Q297A5: OID not found
Error: [blastdbcmd] Q292Y4: OID not found
Error: [blastdbcmd] Q294M6: OID not found
Error: [blastdbcmd] B5DVG5: OID not found
Error: [blastdbcmd] Q299L0: OID not found
Error: [blastdbcmd] Q294J5: OID not found
Error: [blastdbcmd] Q28XE9: OID not found
Error: [blastdbcmd] Q292Z0: OID not found
Error: [blastdbcmd] Q28Y05: OID not found
Error: [blastdbcmd] Q28XW6: OID not found
Error: [blastdbcmd] Q290P0: OID not found
Error: [blastdbcmd] Q28XH3: OID not found
Error: [blastdbcmd] B5DYC6: OID not found
Error: [blastdbcmd] Q294R5: OID not found
Error: [blastdbcmd] Q293X4: OID not found
Error: [blastdbcmd] Q293Z1: OID not found
Error: [blastdbcmd] I7M5V3: OID not found
Error: [blastdbcmd] Q28XZ4: OID not found
Error: [blastdbcmd] A0A0R3NPL7: OID not found
Error: [blastdbcmd] Q299V4: OID not found
Error: [blastdbcmd] A0A0R3NX75: OID not found
Error: [blastdbcmd] Q28YJ5: OID not found
Error: [blastdbcmd] Q297P6: OID not found
Error: [blastdbcmd] A0A0R3NWB6: OID not found
Error: [blastdbcmd] Q290H3: OID not found
Error: [blastdbcmd] Q295B6: OID not found
Error: [blastdbcmd] Q28X82: OID not found
Error: [blastdbcmd] Q28ZY0: OID not found
Error: [blastdbcmd] Q292E4: OID not found
Error: [blastdbcmd] B5DXS8: OID not found
Error: [blastdbcmd] A0A0R3NHQ7: OID not found
Error: [blastdbcmd] A0A0R3NQM3: OID not found
Error: [blastdbcmd] Q28XK9: OID not found
Error: [blastdbcmd] Q291H6: OID not found
Error: [blastdbcmd] Q298Q1: OID not found
Error: [blastdbcmd] B5DYN3: OID not found
Error: [blastdbcmd] Q295D2: OID not found
Error: [blastdbcmd] Q290D1: OID not found
Error: [blastdbcmd] Q296V3: OID not found
Error: [blastdbcmd] Q28XI9: OID not found
Error: [blastdbcmd] A0A0R3NID1: OID not found
Error: [blastdbcmd] N6W6K8: OID not found
Error: [blastdbcmd] Q28YJ4: OID not found
Error: [blastdbcmd] Q290X5: OID not found
Error: [blastdbcmd] B5DWI5: OID not found
Error: [blastdbcmd] Q29AP4: OID not found
Error: [blastdbcmd] Q28X35: OID not found
Error: [blastdbcmd] Q299A9: OID not found
Error: [blastdbcmd] Q29AI3: OID not found
Error: [blastdbcmd] A0A0R3NP99: OID not found
Error: [blastdbcmd] B5DWK6: OID not found
Error: [blastdbcmd] Q297S5: OID not found
Error: [blastdbcmd] Q28XS1: OID not found
Error: [blastdbcmd] A0A0R3NJ42: OID not found
Error: [blastdbcmd] B5DY60: OID not found
Error: [blastdbcmd] Q298T8: OID not found
Error: [blastdbcmd] Q28Z79: OID not found
Error: [blastdbcmd] Q291K0: OID not found
Error: [blastdbcmd] Q297W8: OID not found
Error: [blastdbcmd] Q295F2: OID not found
Error: [blastdbcmd] B5DX88: OID not found
Error: [blastdbcmd] Q28X89: OID not found
Error: [blastdbcmd] A0A0R3NIF5: OID not found
Error: [blastdbcmd] B5DZF8: OID not found
Error: [blastdbcmd] Q29BV8: OID not found
Error: [blastdbcmd] Q299B5: OID not found
Error: [blastdbcmd] Q28XR5: OID not found
Error: [blastdbcmd] B5DXT3: OID not found
Error: [blastdbcmd] Q28XW4: OID not found
Error: [blastdbcmd] B5DZ14: OID not found
Error: [blastdbcmd] Q28XU8: OID not found
Error: [blastdbcmd] Q28YI9: OID not found
Error: [blastdbcmd] Q294V9: OID not found
Error: [blastdbcmd] Q294Z9: OID not found
Error: [blastdbcmd] B5DXI8: OID not found
Error: [blastdbcmd] A0A0R3NL29: OID not found
Error: [blastdbcmd] Q29B15: OID not found
Error: [blastdbcmd] Q29B15: OID not found
Error: [blastdbcmd] Q294G8: OID not found
Error: [blastdbcmd] Q28XL7: OID not found
Error: [blastdbcmd] B5E0N9: OID not found
Error: [blastdbcmd] Q28ZZ7: OID not found
Error: [blastdbcmd] Q293R2: OID not found
Error: [blastdbcmd] Q29CA3: OID not found
Error: [blastdbcmd] Q29A40: OID not found
Error: [blastdbcmd] Q29A08: OID not found
Error: [blastdbcmd] Q29BR1: OID not found
Error: [blastdbcmd] Q294F0: OID not found
Error: [blastdbcmd] Q29AJ8: OID not found
Error: [blastdbcmd] B5DW61: OID not found
Error: [blastdbcmd] Q29B12: OID not found
Error: [blastdbcmd] Q294M9: OID not found
Error: [blastdbcmd] Q295Y8: OID not found
Error: [blastdbcmd] Q28XM5: OID not found
Error: [blastdbcmd] A0A0R3NLP3: OID not found
Error: [blastdbcmd] Q29AB1: OID not found
Error: [blastdbcmd] Q28Y94: OID not found
Error: [blastdbcmd] Q296F0: OID not found
Error: [blastdbcmd] Q29BX7: OID not found
Error: [blastdbcmd] Q29AY2: OID not found
Error: [blastdbcmd] Q29C53: OID not found
Error: [blastdbcmd] Q292N9: OID not found
Error: [blastdbcmd] A0A0R3NJW9: OID not found
Error: [blastdbcmd] Q28X34: OID not found
Error: [blastdbcmd] Q28ZW3: OID not found
Error: [blastdbcmd] Q297W7: OID not found
Error: [blastdbcmd] B5DW96: OID not found
Error: [blastdbcmd] Q28Z48: OID not found
Error: [blastdbcmd] Q28YB2: OID not found
Error: [blastdbcmd] Q290Y3: OID not found
Error: [blastdbcmd] Q290X2: OID not found
Error: [blastdbcmd] Q298D4: OID not found
Error: [blastdbcmd] Q296V5: OID not found
Error: [blastdbcmd] I7LAZ0: OID not found
Error: [blastdbcmd] Q28ZK9: OID not found
Error: [blastdbcmd] B5DYG6: OID not found
Error: [blastdbcmd] Q29BT4: OID not found
Error: [blastdbcmd] Q291B2: OID not found
Error: [blastdbcmd] Q298U4: OID not found
Error: [blastdbcmd] Q29BI5: OID not found
Error: [blastdbcmd] N6WCS2: OID not found
Error: [blastdbcmd] Q29BT2: OID not found
Error: [blastdbcmd] Q296U3: OID not found
Error: [blastdbcmd] B5DYD3: OID not found
Error: [blastdbcmd] Q28YX8: OID not found
Error: [blastdbcmd] Q299D0: OID not found
Error: [blastdbcmd] Q295V2: OID not found
Error: [blastdbcmd] Q297K5: OID not found
Error: [blastdbcmd] Q29C79: OID not found
Error: [blastdbcmd] Q28ZG8: OID not found
Error: [blastdbcmd] Q29BT5: OID not found
Error: [blastdbcmd] Q295I8: OID not found
Error: [blastdbcmd] Q292S1: OID not found
Error: [blastdbcmd] Q292S6: OID not found
Error: [blastdbcmd] Q28YH9: OID not found
Error: [blastdbcmd] Q28YJ0: OID not found
Error: [blastdbcmd] Q290P6: OID not found
Error: [blastdbcmd] Q292J2: OID not found
Error: [blastdbcmd] Q292I9: OID not found
Error: [blastdbcmd] Q28Y58: OID not found
Error: [blastdbcmd] Q28Y80: OID not found
Error: [blastdbcmd] Q28ZC9: OID not found
Error: [blastdbcmd] Q28ZB8: OID not found
Error: [blastdbcmd] Q28ZH5: OID not found
Error: [blastdbcmd] Q28XL3: OID not found
Error: [blastdbcmd] Q28Y18: OID not found
Error: [blastdbcmd] Q28Y16: OID not found
Error: [blastdbcmd] B5E188: OID not found
Error: [blastdbcmd] Q28XI1: OID not found
Error: [blastdbcmd] A0A0R3NVE4: OID not found
Error: [blastdbcmd] B5E021: OID not found
Error: [blastdbcmd] Q292C5: OID not found
Error: [blastdbcmd] Q292C8: OID not found
Error: [blastdbcmd] Q28YG9: OID not found
Error: [blastdbcmd] Q290W3: OID not found
Error: [blastdbcmd] Q292H0: OID not found
Error: [blastdbcmd] A0A0R3NNZ6: OID not found
Error: [blastdbcmd] Q28XY9: OID not found
Error: [blastdbcmd] B5E0E2: OID not found
Error: [blastdbcmd] Q28XH8: OID not found
Error: [blastdbcmd] Q291E2: OID not found
Error: [blastdbcmd] Q291D8: OID not found
Error: [blastdbcmd] Q291C0: OID not found
Error: [blastdbcmd] Q28YD6: OID not found
Error: [blastdbcmd] B5E049: OID not found
Error: [blastdbcmd] B5E049: OID not found
Error: [blastdbcmd] Q28YD0: OID not found
Error: [blastdbcmd] B5E051: OID not found
Error: [blastdbcmd] Q28YC7: OID not found
Error: [blastdbcmd] Q290Z0: OID not found
Error: [blastdbcmd] Q290Z1: OID not found
Error: [blastdbcmd] Q28YM9: OID not found
Error: [blastdbcmd] N6V9A8: OID not found
Error: [blastdbcmd] Q290F2: OID not found
Error: [blastdbcmd] Q290S2: OID not found
Error: [blastdbcmd] Q291F8: OID not found
Error: [blastdbcmd] Q28Z37: OID not found
Error: [blastdbcmd] Q28YR8: OID not found
Error: [blastdbcmd] Q28ZN5: OID not found
Error: [blastdbcmd] Q291Y0: OID not found
Error: [blastdbcmd] Q28Z97: OID not found
Error: [blastdbcmd] Q28YE5: OID not found
Error: [blastdbcmd] Q28ZQ2: OID not found
Error: [blastdbcmd] Q292Y6: OID not found
Error: [blastdbcmd] Q28WX1: OID not found
Error: [blastdbcmd] Q28YQ0: OID not found
Error: [blastdbcmd] Q28YQ1: OID not found
Error: [blastdbcmd] B5DZR9: OID not found
Error: [blastdbcmd] A0A0R3NHF9: OID not found
Error: [blastdbcmd] Q297V9: OID not found
Error: [blastdbcmd] B5DW16: OID not found
Error: [blastdbcmd] Q298Q8: OID not found
Error: [blastdbcmd] Q297R8: OID not found
Error: [blastdbcmd] Q297R7: OID not found
Error: [blastdbcmd] Q297R5: OID not found
Error: [blastdbcmd] Q297R3: OID not found
Error: [blastdbcmd] Q29AE8: OID not found
Error: [blastdbcmd] Q29AE7: OID not found
Error: [blastdbcmd] Q29AE6: OID not found
Error: [blastdbcmd] B5DYT0: OID not found
Error: [blastdbcmd] B5DYS9: OID not found
Error: [blastdbcmd] Q29BB4: OID not found
Error: [blastdbcmd] Q29BB6: OID not found
Error: [blastdbcmd] Q29BC5: OID not found
Error: [blastdbcmd] Q29BC6: OID not found
Error: [blastdbcmd] Q29BC7: OID not found
Error: [blastdbcmd] B5DX06: OID not found
Error: [blastdbcmd] Q29CE7: OID not found
Error: [blastdbcmd] Q29CE4: OID not found
Error: [blastdbcmd] Q29CE1: OID not found
Error: [blastdbcmd] Q29CC5: OID not found
Error: [blastdbcmd] B5DX29: OID not found
Error: [blastdbcmd] Q29CC1: OID not found
Error: [blastdbcmd] Q29CB8: OID not found
Error: [blastdbcmd] Q29CB0: OID not found
Error: [blastdbcmd] B5DXB3: OID not found
Error: [blastdbcmd] Q29C55: OID not found
Error: [blastdbcmd] Q29C48: OID not found
Error: [blastdbcmd] Q29C98: OID not found
Error: [blastdbcmd] Q29C98: OID not found
Error: [blastdbcmd] Q29C45: OID not found
Error: [blastdbcmd] Q29C42: OID not found
Error: [blastdbcmd] Q29C41: OID not found
Error: [blastdbcmd] Q29C39: OID not found
Error: [blastdbcmd] Q29C28: OID not found
Error: [blastdbcmd] Q29C26: OID not found
Error: [blastdbcmd] A0A0R3NEU8: OID not found
Error: [blastdbcmd] B5DXR4: OID not found
Error: [blastdbcmd] Q29C24: OID not found
Error: [blastdbcmd] Q29C23: OID not found
Error: [blastdbcmd] B5DXR7: OID not found
Error: [blastdbcmd] B5DXR8: OID not found
Error: [blastdbcmd] Q29C80: OID not found
Error: [blastdbcmd] Q29C81: OID not found
Error: [blastdbcmd] Q29C83: OID not found
Error: [blastdbcmd] B5DXC1: OID not found
Error: [blastdbcmd] Q29C89: OID not found
Error: [blastdbcmd] Q29C92: OID not found
Error: [blastdbcmd] Q29C94: OID not found
Error: [blastdbcmd] Q29C96: OID not found
Error: [blastdbcmd] A0A0R3NF67: OID not found
Error: [blastdbcmd] Q29C64: OID not found
Error: [blastdbcmd] Q297T1: OID not found
Error: [blastdbcmd] B5DW66: OID not found
Error: [blastdbcmd] Q297T3: OID not found
Error: [blastdbcmd] Q29AP2: OID not found
Error: [blastdbcmd] Q29AN9: OID not found
Error: [blastdbcmd] Q29AN7: OID not found
Error: [blastdbcmd] Q29BT7: OID not found
Error: [blastdbcmd] Q29BT8: OID not found
Error: [blastdbcmd] Q29BU0: OID not found
Error: [blastdbcmd] Q29BU6: OID not found
Error: [blastdbcmd] Q29BU9: OID not found
Error: [blastdbcmd] Q29BV1: OID not found
Error: [blastdbcmd] Q29BV6: OID not found
Error: [blastdbcmd] Q29BW3: OID not found
Error: [blastdbcmd] I5AMY9: OID not found
Error: [blastdbcmd] B5DY00: OID not found
Error: [blastdbcmd] Q29BY1: OID not found
Error: [blastdbcmd] Q29BY2: OID not found
Error: [blastdbcmd] Q29BY3: OID not found
Error: [blastdbcmd] B5DXT4: OID not found
Error: [blastdbcmd] Q29AB2: OID not found
Error: [blastdbcmd] Q29AB4: OID not found
Error: [blastdbcmd] Q29AB8: OID not found
Error: [blastdbcmd] Q29AC0: OID not found
Error: [blastdbcmd] Q29A36: OID not found
Error: [blastdbcmd] Q299A0: OID not found
Error: [blastdbcmd] Q298Z5: OID not found
Error: [blastdbcmd] I7LZD2: OID not found
Error: [blastdbcmd] Q298Z1: OID not found
Error: [blastdbcmd] Q298Z0: OID not found
Error: [blastdbcmd] Q298Y7: OID not found
Error: [blastdbcmd] Q298R7: OID not found
Error: [blastdbcmd] Q298R8: OID not found
Error: [blastdbcmd] I5AN16: OID not found
Error: [blastdbcmd] Q29BI9: OID not found
Error: [blastdbcmd] Q29BI8: OID not found
Error: [blastdbcmd] Q298B6: OID not found
Error: [blastdbcmd] B5DXK5: OID not found
Error: [blastdbcmd] I5ANL7: OID not found
Error: [blastdbcmd] Q299Y4: OID not found
Error: [blastdbcmd] Q29AH0: OID not found
Error: [blastdbcmd] B5DWJ1: OID not found
Error: [blastdbcmd] Q29AG7: OID not found
Error: [blastdbcmd] Q29AG5: OID not found
Error: [blastdbcmd] Q29AG0: OID not found
Error: [blastdbcmd] Q29AF4: OID not found
Error: [blastdbcmd] Q29BG1: OID not found
Error: [blastdbcmd] A0A0R3NFC3: OID not found
Error: [blastdbcmd] Q29BG5: OID not found
Error: [blastdbcmd] Q29BG6: OID not found
Error: [blastdbcmd] A0A0R3NKC8: OID not found
Error: [blastdbcmd] Q29BH1: OID not found
Error: [blastdbcmd] Q29BH4: OID not found
Error: [blastdbcmd] Q29BH5: OID not found
Error: [blastdbcmd] Q29BH6: OID not found
Error: [blastdbcmd] B5DWV0: OID not found
Error: [blastdbcmd] Q29A92: OID not found
Error: [blastdbcmd] Q29A93: OID not found
Error: [blastdbcmd] Q29AA6: OID not found
Error: [blastdbcmd] Q29A49: OID not found
Error: [blastdbcmd] B5DWT8: OID not found
Error: [blastdbcmd] Q29AC5: OID not found
Error: [blastdbcmd] Q29AC9: OID not found
Error: [blastdbcmd] B5DWT1: OID not found
Error: [blastdbcmd] Q29AD1: OID not found
Error: [blastdbcmd] Q29AD2: OID not found
Error: [blastdbcmd] Q29AD4: OID not found
Error: [blastdbcmd] Q29AD7: OID not found
Error: [blastdbcmd] Q29AD8: OID not found
Error: [blastdbcmd] Q29AD8: OID not found
Error: [blastdbcmd] A0A0R3NFV4: OID not found
Error: [blastdbcmd] Q29AE0: OID not found
Error: [blastdbcmd] B5DWL0: OID not found
Error: [blastdbcmd] Q29AE3: OID not found
Error: [blastdbcmd] Q29BB1: OID not found
Error: [blastdbcmd] Q29BB0: OID not found
Error: [blastdbcmd] Q29BA5: OID not found
Error: [blastdbcmd] Q299W8: OID not found
Error: [blastdbcmd] B5DXL3: OID not found
Error: [blastdbcmd] Q299X2: OID not found
Error: [blastdbcmd] A0A0R3NGC2: OID not found
Error: [blastdbcmd] Q299X7: OID not found
Error: [blastdbcmd] B5DXK8: OID not found
Error: [blastdbcmd] Q29AH4: OID not found
Error: [blastdbcmd] Q297B0: OID not found
Error: [blastdbcmd] Q297A8: OID not found
Error: [blastdbcmd] Q297A6: OID not found
Error: [blastdbcmd] Q297A4: OID not found
Error: [blastdbcmd] Q297A0: OID not found
Error: [blastdbcmd] Q296Z9: OID not found
Error: [blastdbcmd] B5DX54: OID not found
Error: [blastdbcmd] Q296Z7: OID not found
Error: [blastdbcmd] Q296Z6: OID not found
Error: [blastdbcmd] Q296Z4: OID not found
Error: [blastdbcmd] B5DX59: OID not found
Error: [blastdbcmd] B5DX62: OID not found
Error: [blastdbcmd] Q296W9: OID not found
Error: [blastdbcmd] Q295N1: OID not found
Error: [blastdbcmd] Q295M3: OID not found
Error: [blastdbcmd] Q295M1: OID not found
Error: [blastdbcmd] B5DYQ2: OID not found
Error: [blastdbcmd] Q295M0: OID not found
Error: [blastdbcmd] Q295L9: OID not found
Error: [blastdbcmd] Q296G7: OID not found
Error: [blastdbcmd] Q296G8: OID not found
Error: [blastdbcmd] Q296H4: OID not found
Error: [blastdbcmd] Q296H6: OID not found
Error: [blastdbcmd] Q294G5: OID not found
Error: [blastdbcmd] Q294G3: OID not found
Error: [blastdbcmd] Q294G0: OID not found
Error: [blastdbcmd] Q296N3: OID not found
Error: [blastdbcmd] Q296M6: OID not found
Error: [blastdbcmd] Q296M3: OID not found
Error: [blastdbcmd] Q296M0: OID not found
Error: [blastdbcmd] Q296L8: OID not found
Error: [blastdbcmd] Q293R9: OID not found
Error: [blastdbcmd] Q293R5: OID not found
Error: [blastdbcmd] Q297F9: OID not found
Error: [blastdbcmd] Q299T5: OID not found
Error: [blastdbcmd] Q299T4: OID not found
Error: [blastdbcmd] Q299T2: OID not found
Error: [blastdbcmd] I5ANM7: OID not found
Error: [blastdbcmd] Q299T0: OID not found
Error: [blastdbcmd] Q299S9: OID not found
Error: [blastdbcmd] B5DXD5: OID not found
Error: [blastdbcmd] Q29A03: OID not found
Error: [blastdbcmd] I5API9: OID not found
Error: [blastdbcmd] Q29CG7: OID not found
Error: [blastdbcmd] Q29CG9: OID not found
Error: [blastdbcmd] Q29BI6: OID not found
Error: [blastdbcmd] B5DYF5: OID not found
Error: [blastdbcmd] Q29C11: OID not found
Error: [blastdbcmd] Q29C10: OID not found
Error: [blastdbcmd] A0A0R3NFC4: OID not found
Error: [blastdbcmd] Q29C06: OID not found
Error: [blastdbcmd] Q29C02: OID not found
Error: [blastdbcmd] Q29BZ8: OID not found
Error: [blastdbcmd] Q29BZ6: OID not found
Error: [blastdbcmd] Q29BZ0: OID not found
Error: [blastdbcmd] A0A0R3NL91: OID not found
Error: [blastdbcmd] B5DXS9: OID not found
Error: [blastdbcmd] Q29BY7: OID not found
Error: [blastdbcmd] Q293H7: OID not found
Error: [blastdbcmd] Q297E7: OID not found
Error: [blastdbcmd] Q297E4: OID not found
Error: [blastdbcmd] Q297E3: OID not found
Error: [blastdbcmd] Q297D2: OID not found
Error: [blastdbcmd] B5DWV9: OID not found
Error: [blastdbcmd] Q297C4: OID not found
Error: [blastdbcmd] Q297C3: OID not found
Error: [blastdbcmd] Q297B8: OID not found
Error: [blastdbcmd] A0A0R3NNI8: OID not found
Error: [blastdbcmd] Q298P8: OID not found
Error: [blastdbcmd] Q298Q0: OID not found
Error: [blastdbcmd] Q298I1: OID not found
Error: [blastdbcmd] Q298I2: OID not found
Error: [blastdbcmd] Q298I8: OID not found
Error: [blastdbcmd] Q298J1: OID not found
Error: [blastdbcmd] Q298J3: OID not found
Error: [blastdbcmd] Q298J5: OID not found
Error: [blastdbcmd] Q298J8: OID not found
Error: [blastdbcmd] Q298K0: OID not found
Error: [blastdbcmd] Q298K1: OID not found
Error: [blastdbcmd] Q298K2: OID not found
Error: [blastdbcmd] Q298K4: OID not found
Error: [blastdbcmd] Q298K8: OID not found
Error: [blastdbcmd] A0A0R3NML8: OID not found
Error: [blastdbcmd] Q298L6: OID not found
Error: [blastdbcmd] Q298L7: OID not found
Error: [blastdbcmd] Q298M0: OID not found
Error: [blastdbcmd] Q298M1: OID not found
Error: [blastdbcmd] Q298M2: OID not found
Error: [blastdbcmd] Q298M6: OID not found
Error: [blastdbcmd] Q298M8: OID not found
Error: [blastdbcmd] Q299B9: OID not found
Error: [blastdbcmd] Q299C2: OID not found
Error: [blastdbcmd] Q299C3: OID not found
Error: [blastdbcmd] Q299C4: OID not found
Error: [blastdbcmd] Q299C6: OID not found
Error: [blastdbcmd] B5DYF8: OID not found
Error: [blastdbcmd] Q299C7: OID not found
Error: [blastdbcmd] Q29BN8: OID not found
Error: [blastdbcmd] Q29BN9: OID not found
Error: [blastdbcmd] Q29BP0: OID not found
Error: [blastdbcmd] Q29BP2: OID not found
Error: [blastdbcmd] Q29BP8: OID not found
Error: [blastdbcmd] B5DY83: OID not found
Error: [blastdbcmd] Q29BI3: OID not found
Error: [blastdbcmd] Q29A68: OID not found
Error: [blastdbcmd] Q29A67: OID not found
Error: [blastdbcmd] Q29A66: OID not found
Error: [blastdbcmd] Q29BM9: OID not found
Error: [blastdbcmd] B5DYA7: OID not found
Error: [blastdbcmd] Q29BN1: OID not found
Error: [blastdbcmd] Q29BN0: OID not found
Error: [blastdbcmd] Q29BN2: OID not found
Error: [blastdbcmd] Q29BN3: OID not found
Error: [blastdbcmd] Q29AW5: OID not found
Error: [blastdbcmd] Q29AV5: OID not found
Error: [blastdbcmd] B5DVY9: OID not found
Error: [blastdbcmd] Q29AV1: OID not found
Error: [blastdbcmd] Q29AU1: OID not found
Error: [blastdbcmd] Q29AT7: OID not found
Error: [blastdbcmd] Q29AT6: OID not found
Error: [blastdbcmd] Q29AT4: OID not found
Error: [blastdbcmd] Q299F4: OID not found
Error: [blastdbcmd] I5AN24: OID not found
Error: [blastdbcmd] Q29BD6: OID not found
Error: [blastdbcmd] Q29BK6: OID not found
Error: [blastdbcmd] B5DYD8: OID not found
Error: [blastdbcmd] Q29BK5: OID not found
Error: [blastdbcmd] Q29BK4: OID not found
Error: [blastdbcmd] I5AN13: OID not found
Error: [blastdbcmd] Q29BK2: OID not found
Error: [blastdbcmd] Q29BK1: OID not found
Error: [blastdbcmd] Q29BK0: OID not found
Error: [blastdbcmd] Q298V0: OID not found
Error: [blastdbcmd] Q298U8: OID not found
Error: [blastdbcmd] Q298U7: OID not found
Error: [blastdbcmd] Q298T9: OID not found
Error: [blastdbcmd] Q298T6: OID not found
Error: [blastdbcmd] Q298T5: OID not found
Error: [blastdbcmd] Q298N3: OID not found
Error: [blastdbcmd] Q298N6: OID not found
Error: [blastdbcmd] Q298N7: OID not found
Error: [blastdbcmd] Q299J9: OID not found
Error: [blastdbcmd] Q299K2: OID not found
Error: [blastdbcmd] Q299K7: OID not found
Error: [blastdbcmd] B5DW65: OID not found
Error: [blastdbcmd] Q297T9: OID not found
Error: [blastdbcmd] Q297T8: OID not found
Error: [blastdbcmd] Q297T6: OID not found
Error: [blastdbcmd] Q29AP6: OID not found
Error: [blastdbcmd] Q29AP9: OID not found
Error: [blastdbcmd] Q29AQ4: OID not found
Error: [blastdbcmd] Q29AQ9: OID not found
Error: [blastdbcmd] Q29AR6: OID not found
Error: [blastdbcmd] Q29AR9: OID not found
Error: [blastdbcmd] Q295K3: OID not found
Error: [blastdbcmd] Q29B03: OID not found
Error: [blastdbcmd] Q29B04: OID not found
Error: [blastdbcmd] Q29B05: OID not found
Error: [blastdbcmd] B5DVQ8: OID not found
Error: [blastdbcmd] Q29B08: OID not found
Error: [blastdbcmd] Q29B10: OID not found
Error: [blastdbcmd] Q295B0: OID not found
Error: [blastdbcmd] Q295A6: OID not found
Error: [blastdbcmd] Q296V7: OID not found
Error: [blastdbcmd] Q296V4: OID not found
Error: [blastdbcmd] B5DXQ2: OID not found
Error: [blastdbcmd] Q293K0: OID not found
Error: [blastdbcmd] Q299F1: OID not found
Error: [blastdbcmd] Q299E5: OID not found
Error: [blastdbcmd] Q299E3: OID not found
Error: [blastdbcmd] Q299E0: OID not found
Error: [blastdbcmd] Q299D9: OID not found
Error: [blastdbcmd] Q299D4: OID not found
Error: [blastdbcmd] B5DVT4: OID not found
Error: [blastdbcmd] I5AN87: OID not found
Error: [blastdbcmd] Q29AY1: OID not found
Error: [blastdbcmd] B5DVS6: OID not found
Error: [blastdbcmd] Q29BR8: OID not found
Error: [blastdbcmd] Q29BR4: OID not found
Error: [blastdbcmd] Q29CH0: OID not found
Error: [blastdbcmd] Q298C1: OID not found
Error: [blastdbcmd] Q298C8: OID not found
Error: [blastdbcmd] Q294F8: OID not found
Error: [blastdbcmd] I5APT9: OID not found
Error: [blastdbcmd] Q294D3: OID not found
Error: [blastdbcmd] Q294D2: OID not found
Error: [blastdbcmd] Q294D1: OID not found
Error: [blastdbcmd] Q294C7: OID not found
Error: [blastdbcmd] Q294T2: OID not found
Error: [blastdbcmd] Q294T1: OID not found
Error: [blastdbcmd] Q294S7: OID not found
Error: [blastdbcmd] Q294S6: OID not found
Error: [blastdbcmd] B5DXQ0: OID not found
Error: [blastdbcmd] B5DXP7: OID not found
Error: [blastdbcmd] Q293L8: OID not found
Error: [blastdbcmd] Q293L9: OID not found
Error: [blastdbcmd] B5DXI6: OID not found
Error: [blastdbcmd] Q293M3: OID not found
Error: [blastdbcmd] Q293M5: OID not found
Error: [blastdbcmd] Q293M3: OID not found
Error: [blastdbcmd] A0A0R3NKS4: OID not found
Error: [blastdbcmd] Q293N0: OID not found
Error: [blastdbcmd] Q293N9: OID not found
Error: [blastdbcmd] A0A0R3NQK0: OID not found
Error: [blastdbcmd] Q29AN0: OID not found
Error: [blastdbcmd] B5DW53: OID not found
Error: [blastdbcmd] Q29AN6: OID not found
Error: [blastdbcmd] Q29BT1: OID not found
Error: [blastdbcmd] Q298D8: OID not found
Error: [blastdbcmd] Q298E2: OID not found
Error: [blastdbcmd] Q298E8: OID not found
Error: [blastdbcmd] Q297S4: OID not found
Error: [blastdbcmd] A0A0R3NGJ1: OID not found
Error: [blastdbcmd] Q299V8: OID not found
Error: [blastdbcmd] Q299N7: OID not found
Error: [blastdbcmd] Q299N6: OID not found
Error: [blastdbcmd] Q299N5: OID not found
Error: [blastdbcmd] Q299N2: OID not found
Error: [blastdbcmd] Q299N1: OID not found
Error: [blastdbcmd] Q299M4: OID not found
Error: [blastdbcmd] Q299M1: OID not found
Error: [blastdbcmd] Q299M0: OID not found
Error: [blastdbcmd] Q299L9: OID not found
Error: [blastdbcmd] Q299M5: OID not found
Error: [blastdbcmd] Q294X4: OID not found
Error: [blastdbcmd] Q296K3: OID not found
Error: [blastdbcmd] Q296K2: OID not found
Error: [blastdbcmd] Q296K0: OID not found
Error: [blastdbcmd] Q296K1: OID not found
Error: [blastdbcmd] Q296W6: OID not found
Error: [blastdbcmd] A0A0R3NNP8: OID not found
Error: [blastdbcmd] Q296W2: OID not found
Error: [blastdbcmd] Q296W1: OID not found
Error: [blastdbcmd] Q293U2: OID not found
Error: [blastdbcmd] Q293U0: OID not found
Error: [blastdbcmd] A0A0R3NKN0: OID not found
Error: [blastdbcmd] Q293T8: OID not found
Error: [blastdbcmd] Q293T7: OID not found
Error: [blastdbcmd] Q293U6: OID not found
Error: [blastdbcmd] Q293U7: OID not found
Error: [blastdbcmd] Q293V0: OID not found
Error: [blastdbcmd] Q293V1: OID not found
Error: [blastdbcmd] Q293V3: OID not found
Error: [blastdbcmd] Q293W1: OID not found
Error: [blastdbcmd] Q293W2: OID not found
Error: [blastdbcmd] B5DX75: OID not found
Error: [blastdbcmd] Q294W5: OID not found
Error: [blastdbcmd] Q295K9: OID not found
Error: [blastdbcmd] Q295K5: OID not found
Error: [blastdbcmd] Q29BH8: OID not found
Error: [blastdbcmd] I7LZD1: OID not found
Error: [blastdbcmd] Q29A90: OID not found
Error: [blastdbcmd] Q29A85: OID not found
Error: [blastdbcmd] Q29A78: OID not found
Error: [blastdbcmd] Q29A77: OID not found
Error: [blastdbcmd] Q29AK1: OID not found
Error: [blastdbcmd] Q29B81: OID not found
Error: [blastdbcmd] A0A0R3NFH8: OID not found
Error: [blastdbcmd] Q29B91: OID not found
Error: [blastdbcmd] Q297H7: OID not found
Error: [blastdbcmd] Q297I1: OID not found
Error: [blastdbcmd] Q297I4: OID not found
Error: [blastdbcmd] Q297I7: OID not found
Error: [blastdbcmd] Q297I9: OID not found
Error: [blastdbcmd] Q297I9: OID not found
Error: [blastdbcmd] Q297J1: OID not found
Error: [blastdbcmd] Q297J8: OID not found
Error: [blastdbcmd] B5DVJ4: OID not found
Error: [blastdbcmd] Q29B53: OID not found
Error: [blastdbcmd] Q29B51: OID not found
Error: [blastdbcmd] Q29B47: OID not found
Error: [blastdbcmd] Q29B46: OID not found
Error: [blastdbcmd] B5DY45: OID not found
Error: [blastdbcmd] Q296C7: OID not found
Error: [blastdbcmd] Q296C8: OID not found
Error: [blastdbcmd] Q296D0: OID not found
Error: [blastdbcmd] Q295W4: OID not found
Error: [blastdbcmd] Q295W3: OID not found
Error: [blastdbcmd] Q295W1: OID not found
Error: [blastdbcmd] Q295V6: OID not found
Error: [blastdbcmd] Q295U4: OID not found
Error: [blastdbcmd] Q294V7: OID not found
Error: [blastdbcmd] Q294V4: OID not found
Error: [blastdbcmd] A0A0R3NQ94: OID not found
Error: [blastdbcmd] Q294U6: OID not found
Error: [blastdbcmd] Q294U3: OID not found
Error: [blastdbcmd] Q296N6: OID not found
Error: [blastdbcmd] Q296N7: OID not found
Error: [blastdbcmd] Q296P4: OID not found
Error: [blastdbcmd] A0A0R3NM77: OID not found
Error: [blastdbcmd] D5MNY3: OID not found
Error: [blastdbcmd] Q296P8: OID not found
Error: [blastdbcmd] Q296Q0: OID not found
Error: [blastdbcmd] Q296Q1: OID not found
Error: [blastdbcmd] Q296Q2: OID not found
Error: [blastdbcmd] Q296Q3: OID not found
Error: [blastdbcmd] Q296Q6: OID not found
Error: [blastdbcmd] B5DXG9: OID not found
Error: [blastdbcmd] Q296D3: OID not found
Error: [blastdbcmd] Q296D2: OID not found
Error: [blastdbcmd] Q293I0: OID not found
Error: [blastdbcmd] Q293I4: OID not found
Error: [blastdbcmd] Q293I8: OID not found
Error: [blastdbcmd] Q293I9: OID not found
Error: [blastdbcmd] Q293J1: OID not found
Error: [blastdbcmd] Q29AT2: OID not found
Error: [blastdbcmd] Q29A32: OID not found
Error: [blastdbcmd] A0A0R3NMN4: OID not found
Error: [blastdbcmd] Q29BE0: OID not found
Error: [blastdbcmd] Q29BE2: OID not found
Error: [blastdbcmd] Q29BE3: OID not found
Error: [blastdbcmd] Q29BE4: OID not found
Error: [blastdbcmd] Q299G0: OID not found
Error: [blastdbcmd] Q299G1: OID not found
Error: [blastdbcmd] Q299G3: OID not found
Error: [blastdbcmd] Q294A6: OID not found
Error: [blastdbcmd] Q294B3: OID not found
Error: [blastdbcmd] Q294C0: OID not found
Error: [blastdbcmd] Q294C3: OID not found
Error: [blastdbcmd] Q294T9: OID not found
Error: [blastdbcmd] Q296I2: OID not found
Error: [blastdbcmd] I5APB3: OID not found
Error: [blastdbcmd] Q296I4: OID not found
Error: [blastdbcmd] Q296I9: OID not found
Error: [blastdbcmd] Q296J0: OID not found
Error: [blastdbcmd] Q296J1: OID not found
Error: [blastdbcmd] Q296J4: OID not found
Error: [blastdbcmd] Q296J5: OID not found
Error: [blastdbcmd] Q29AI0: OID not found
Error: [blastdbcmd] Q29AI7: OID not found
Error: [blastdbcmd] Q29AI9: OID not found
Error: [blastdbcmd] A0A0R3NFQ0: OID not found
Error: [blastdbcmd] B5DVF7: OID not found
Error: [blastdbcmd] Q299U1: OID not found
Error: [blastdbcmd] A0A0R3NM29: OID not found
Error: [blastdbcmd] Q29AH5: OID not found
Error: [blastdbcmd] Q29AH6: OID not found
Error: [blastdbcmd] Q298Y4: OID not found
Error: [blastdbcmd] Q298X7: OID not found
Error: [blastdbcmd] Q298W9: OID not found
Error: [blastdbcmd] Q298W8: OID not found
Error: [blastdbcmd] Q298W6: OID not found
Error: [blastdbcmd] Q298W5: OID not found
Error: [blastdbcmd] Q298W3: OID not found
Error: [blastdbcmd] Q298W0: OID not found
Error: [blastdbcmd] B5DYM9: OID not found
Error: [blastdbcmd] Q298B2: OID not found
Error: [blastdbcmd] Q298B4: OID not found
Error: [blastdbcmd] Q299Y8: OID not found
Error: [blastdbcmd] Q299Z2: OID not found
Error: [blastdbcmd] Q299Z5: OID not found
Error: [blastdbcmd] Q299Z6: OID not found
Error: [blastdbcmd] Q299Z7: OID not found
Error: [blastdbcmd] Q299Z8: OID not found
Error: [blastdbcmd] Q297P5: OID not found
Error: [blastdbcmd] Q297P8: OID not found
Error: [blastdbcmd] B5DW84: OID not found
Error: [blastdbcmd] Q297Q1: OID not found
Error: [blastdbcmd] Q297Q6: OID not found
Error: [blastdbcmd] Q297Q7: OID not found
Error: [blastdbcmd] Q297R0: OID not found
Error: [blastdbcmd] Q29A25: OID not found
Error: [blastdbcmd] Q29A24: OID not found
Error: [blastdbcmd] Q29A19: OID not found
Error: [blastdbcmd] Q29A18: OID not found
Error: [blastdbcmd] Q29A14: OID not found
Error: [blastdbcmd] Q29A11: OID not found
Error: [blastdbcmd] Q29A10: OID not found
Error: [blastdbcmd] Q29A09: OID not found
Error: [blastdbcmd] B5DXU8: OID not found
Error: [blastdbcmd] B5DVG9: OID not found
Error: [blastdbcmd] I5ANN5: OID not found
Error: [blastdbcmd] Q299Q5: OID not found
Error: [blastdbcmd] I5ANP1: OID not found
Error: [blastdbcmd] B5E128: OID not found
Error: [blastdbcmd] Q299Q1: OID not found
Error: [blastdbcmd] Q299P6: OID not found
Error: [blastdbcmd] Q299P4: OID not found
Error: [blastdbcmd] Q299P3: OID not found
Error: [blastdbcmd] Q299P2: OID not found
Error: [blastdbcmd] I5ANP5: OID not found
Error: [blastdbcmd] Q299V5: OID not found
Error: [blastdbcmd] Q299V1: OID not found
Error: [blastdbcmd] B5DVS5: OID not found
Error: [blastdbcmd] Q29AZ3: OID not found
Error: [blastdbcmd] A0A0R3NJJ7: OID not found
Error: [blastdbcmd] Q29AZ1: OID not found
Error: [blastdbcmd] Q29AY9: OID not found
Error: [blastdbcmd] Q29BS2: OID not found
Error: [blastdbcmd] Q29B15: OID not found
Error: [blastdbcmd] Q29B16: OID not found
Error: [blastdbcmd] B5DVK2: OID not found
Error: [blastdbcmd] Q29B22: OID not found
Error: [blastdbcmd] Q29B25: OID not found
Error: [blastdbcmd] Q29B31: OID not found
Error: [blastdbcmd] Q29B32: OID not found
Error: [blastdbcmd] A0A0R3NKK4: OID not found
Error: [blastdbcmd] Q29B34: OID not found
Error: [blastdbcmd] Q29B37: OID not found
Error: [blastdbcmd] A0A0R3NL07: OID not found
Error: [blastdbcmd] Q29B45: OID not found
Error: [blastdbcmd] Q295Q6: OID not found
Error: [blastdbcmd] Q295R2: OID not found
Error: [blastdbcmd] Q295R3: OID not found
Error: [blastdbcmd] Q295R4: OID not found
Error: [blastdbcmd] Q295R7: OID not found
Error: [blastdbcmd] Q295R9: OID not found
Error: [blastdbcmd] A0A0R3NIV4: OID not found
Error: [blastdbcmd] Q295S8: OID not found
Error: [blastdbcmd] Q295S9: OID not found
Error: [blastdbcmd] Q295T1: OID not found
Error: [blastdbcmd] Q295T2: OID not found
Error: [blastdbcmd] Q295T5: OID not found
Error: [blastdbcmd] Q295T5: OID not found
Error: [blastdbcmd] Q295T6: OID not found
Error: [blastdbcmd] Q295T9: OID not found
Error: [blastdbcmd] B5DVW9: OID not found
Error: [blastdbcmd] Q295C3: OID not found
Error: [blastdbcmd] Q295C1: OID not found
Error: [blastdbcmd] Q295B9: OID not found
Error: [blastdbcmd] Q295B8: OID not found
Error: [blastdbcmd] B5DVY4: OID not found
Error: [blastdbcmd] A0A0R3NJG6: OID not found
Error: [blastdbcmd] Q294Z3: OID not found
Error: [blastdbcmd] Q294Z2: OID not found
Error: [blastdbcmd] Q294Y1: OID not found
Error: [blastdbcmd] Q294X5: OID not found
Error: [blastdbcmd] Q296K4: OID not found
Error: [blastdbcmd] A0A0R3NJJ3: OID not found
Error: [blastdbcmd] B5DW27: OID not found
Error: [blastdbcmd] Q294Z7: OID not found
Error: [blastdbcmd] Q295A2: OID not found
Error: [blastdbcmd] Q295A3: OID not found
Error: [blastdbcmd] Q295A5: OID not found
Error: [blastdbcmd] Q293T4: OID not found
Error: [blastdbcmd] Q293T3: OID not found
Error: [blastdbcmd] B5DX93: OID not found
Error: [blastdbcmd] Q293T1: OID not found
Error: [blastdbcmd] Q293S9: OID not found
Error: [blastdbcmd] Q293S8: OID not found
Error: [blastdbcmd] B5DX95: OID not found
Error: [blastdbcmd] Q293X4: OID not found
Error: [blastdbcmd] Q293W9: OID not found
Error: [blastdbcmd] Q293X2: OID not found
Error: [blastdbcmd] Q293X3: OID not found
Error: [blastdbcmd] B5DWZ6: OID not found
Error: [blastdbcmd] I5APV6: OID not found
Error: [blastdbcmd] Q293Y8: OID not found
Error: [blastdbcmd] Q293Z7: OID not found
Error: [blastdbcmd] Q294A0: OID not found
Error: [blastdbcmd] Q294A4: OID not found
Error: [blastdbcmd] B5DVU6: OID not found
Error: [blastdbcmd] Q297H0: OID not found
Error: [blastdbcmd] Q297G9: OID not found
Error: [blastdbcmd] Q293R1: OID not found
Error: [blastdbcmd] B5DVF5: OID not found
Error: [blastdbcmd] Q29AM0: OID not found
Error: [blastdbcmd] Q29AL1: OID not found
Error: [blastdbcmd] B5DWC3: OID not found
Error: [blastdbcmd] Q29AK5: OID not found
Error: [blastdbcmd] I5ANC2: OID not found
Error: [blastdbcmd] Q29B69: OID not found
Error: [blastdbcmd] Q299I8: OID not found
Error: [blastdbcmd] Q299I6: OID not found
Error: [blastdbcmd] Q299I5: OID not found
Error: [blastdbcmd] Q299I3: OID not found
Error: [blastdbcmd] Q299I2: OID not found
Error: [blastdbcmd] Q299H6: OID not found
Error: [blastdbcmd] Q299H2: OID not found
Error: [blastdbcmd] Q299H1: OID not found
Error: [blastdbcmd] Q299G9: OID not found
Error: [blastdbcmd] B5DYB4: OID not found
Error: [blastdbcmd] Q297F2: OID not found
Error: [blastdbcmd] Q29B13: OID not found
Error: [blastdbcmd] Q295B3: OID not found
Error: [blastdbcmd] Q295B5: OID not found
Error: [blastdbcmd] B5DVX9: OID not found
Error: [blastdbcmd] Q297F0: OID not found
Error: [blastdbcmd] Q296D9: OID not found
Error: [blastdbcmd] B5DYX0: OID not found
Error: [blastdbcmd] B5DYW9: OID not found
Error: [blastdbcmd] B5DYW8: OID not found
Error: [blastdbcmd] Q295J1: OID not found
Error: [blastdbcmd] Q295J4: OID not found
Error: [blastdbcmd] Q295J7: OID not found
Error: [blastdbcmd] Q295X9: OID not found
Error: [blastdbcmd] Q295X6: OID not found
Error: [blastdbcmd] Q29BY5: OID not found
Error: [blastdbcmd] A0A0R3NLD7: OID not found
Error: [blastdbcmd] Q29BM1: OID not found
Error: [blastdbcmd] Q29BL8: OID not found
Error: [blastdbcmd] Q29BL7: OID not found
Error: [blastdbcmd] Q29BL4: OID not found
Error: [blastdbcmd] Q29BL2: OID not found
Error: [blastdbcmd] Q29BL1: OID not found
Error: [blastdbcmd] Q29BD1: OID not found
Error: [blastdbcmd] Q29BD0: OID not found
Error: [blastdbcmd] Q29CF0: OID not found
Error: [blastdbcmd] Q29CF8: OID not found
Error: [blastdbcmd] Q29CF9: OID not found
Error: [blastdbcmd] A0A0R3NKT1: OID not found
Error: [blastdbcmd] Q295P7: OID not found
Error: [blastdbcmd] B5DYJ0: OID not found
Error: [blastdbcmd] Q294I1: OID not found
Error: [blastdbcmd] Q294H8: OID not found
Error: [blastdbcmd] Q294H1: OID not found
Error: [blastdbcmd] Q296E3: OID not found
Error: [blastdbcmd] Q296E4: OID not found
Error: [blastdbcmd] Q295Q5: OID not found
Error: [blastdbcmd] Q295Q0: OID not found
Error: [blastdbcmd] Q294I9: OID not found
Error: [blastdbcmd] B5DWH8: OID not found
Error: [blastdbcmd] Q294K4: OID not found
Error: [blastdbcmd] Q294K5: OID not found
Error: [blastdbcmd] Q294K8: OID not found
Error: [blastdbcmd] B5DWE4: OID not found
Error: [blastdbcmd] Q297N9: OID not found
Error: [blastdbcmd] B5DWF0: OID not found
Error: [blastdbcmd] Q297N7: OID not found
Error: [blastdbcmd] Q297N5: OID not found
Error: [blastdbcmd] Q297N3: OID not found
Error: [blastdbcmd] Q295P0: OID not found
Error: [blastdbcmd] A0A0R3NP57: OID not found
Error: [blastdbcmd] Q298R2: OID not found
Error: [blastdbcmd] Q298G3: OID not found
Error: [blastdbcmd] Q298G5: OID not found
Error: [blastdbcmd] Q298G7: OID not found
Error: [blastdbcmd] Q298H1: OID not found
Error: [blastdbcmd] Q298H3: OID not found
Error: [blastdbcmd] Q298H4: OID not found
Error: [blastdbcmd] Q298Q2: OID not found
Error: [blastdbcmd] Q299A7: OID not found
Error: [blastdbcmd] Q299A4: OID not found
Error: [blastdbcmd] Q299A3: OID not found
Error: [blastdbcmd] Q295I1: OID not found
Error: [blastdbcmd] Q295H9: OID not found
Error: [blastdbcmd] Q29A01: OID not found
Error: [blastdbcmd] A0A0R3NHN9: OID not found
Error: [blastdbcmd] Q294L2: OID not found
Error: [blastdbcmd] Q294L3: OID not found
Error: [blastdbcmd] Q294L4: OID not found
Error: [blastdbcmd] B5DWG8: OID not found
Error: [blastdbcmd] Q294M3: OID not found
Error: [blastdbcmd] Q298A4: OID not found
Error: [blastdbcmd] Q298A5: OID not found
Error: [blastdbcmd] Q298A9: OID not found
Error: [blastdbcmd] A0A0R3NI88: OID not found
Error: [blastdbcmd] Q296S7: OID not found
Error: [blastdbcmd] Q296V0: OID not found
Error: [blastdbcmd] Q296V1: OID not found
Error: [blastdbcmd] Q293K6: OID not found
Error: [blastdbcmd] Q294S3: OID not found
Error: [blastdbcmd] Q294S2: OID not found
Error: [blastdbcmd] Q294R9: OID not found
Error: [blastdbcmd] I5APQ2: OID not found
Error: [blastdbcmd] Q294R1: OID not found
Error: [blastdbcmd] Q294Q9: OID not found
Error: [blastdbcmd] Q294Q8: OID not found
Error: [blastdbcmd] I5APQ5: OID not found
Error: [blastdbcmd] Q294P3: OID not found
Error: [blastdbcmd] Q294P1: OID not found
Error: [blastdbcmd] Q294P0: OID not found
Error: [blastdbcmd] B5DWB0: OID not found
Error: [blastdbcmd] B5DYJ9: OID not found
Error: [blastdbcmd] Q295C5: OID not found
Error: [blastdbcmd] Q295E5: OID not found
Error: [blastdbcmd] B5DVN3: OID not found
Error: [blastdbcmd] I5APJ8: OID not found
Error: [blastdbcmd] Q295F4: OID not found
Error: [blastdbcmd] Q295F6: OID not found
Error: [blastdbcmd] Q295F8: OID not found
Error: [blastdbcmd] Q295G1: OID not found
Error: [blastdbcmd] Q296D7: OID not found
Error: [blastdbcmd] Q295Y2: OID not found
Error: [blastdbcmd] Q295Y5: OID not found
Error: [blastdbcmd] A0A0R3NIW6: OID not found
Error: [blastdbcmd] Q295Z6: OID not found
Error: [blastdbcmd] Q295Z8: OID not found
Error: [blastdbcmd] Q296A0: OID not found
Error: [blastdbcmd] Q296A4: OID not found
Error: [blastdbcmd] Q297S7: OID not found
Error: [blastdbcmd] Q296A8: OID not found
Error: [blastdbcmd] B5DY59: OID not found
Error: [blastdbcmd] Q296B4: OID not found
Error: [blastdbcmd] Q296B9: OID not found
Error: [blastdbcmd] Q296E5: OID not found
Error: [blastdbcmd] Q296E8: OID not found
Error: [blastdbcmd] Q296E9: OID not found
Error: [blastdbcmd] Q296F1: OID not found
Error: [blastdbcmd] Q296F6: OID not found
Error: [blastdbcmd] Q296F9: OID not found
Error: [blastdbcmd] Q296G5: OID not found
Error: [blastdbcmd] Q296G6: OID not found
Error: [blastdbcmd] Q295N4: OID not found
Error: [blastdbcmd] Q297M9: OID not found
Error: [blastdbcmd] Q297M7: OID not found
Error: [blastdbcmd] Q297M6: OID not found
Error: [blastdbcmd] B5DXU6: OID not found
Error: [blastdbcmd] B5DXU3: OID not found
Error: [blastdbcmd] B5DXU2: OID not found
Error: [blastdbcmd] Q297M4: OID not found
Error: [blastdbcmd] Q297M1: OID not found
Error: [blastdbcmd] A0A0R3NHP2: OID not found
Error: [blastdbcmd] Q299J5: OID not found
Error: [blastdbcmd] Q299J6: OID not found
Error: [blastdbcmd] Q299J7: OID not found
Error: [blastdbcmd] Q297W6: OID not found
Error: [blastdbcmd] Q297X8: OID not found
Error: [blastdbcmd] A0A0R3NHE1: OID not found
Error: [blastdbcmd] Q297Y7: OID not found
Error: [blastdbcmd] Q297Y8: OID not found
Error: [blastdbcmd] Q297Z1: OID not found
Error: [blastdbcmd] Q297Z3: OID not found
Error: [blastdbcmd] Q297Z6: OID not found
Error: [blastdbcmd] Q297Z9: OID not found
Error: [blastdbcmd] Q298A0: OID not found
Error: [blastdbcmd] Q298A3: OID not found
Error: [blastdbcmd] B5DYN4: OID not found
Error: [blastdbcmd] B5DVW4: OID not found
Error: [blastdbcmd] N6W493: OID not found
Error: [blastdbcmd] Q292L3: OID not found
Error: [blastdbcmd] Q292L9: OID not found
Error: [blastdbcmd] Q292M2: OID not found
Error: [blastdbcmd] Q292M4: OID not found
Error: [blastdbcmd] A0A0R3NLI0: OID not found
Error: [blastdbcmd] Q292N2: OID not found
Error: [blastdbcmd] B5DZ22: OID not found
Error: [blastdbcmd] Q28Z21: OID not found
Error: [blastdbcmd] Q28Z20: OID not found
Error: [blastdbcmd] Q28Z15: OID not found
Error: [blastdbcmd] Q28Z14: OID not found
Error: [blastdbcmd] Q28Z12: OID not found
Error: [blastdbcmd] Q28XL6: OID not found
Error: [blastdbcmd] Q293A6: OID not found
Error: [blastdbcmd] Q293A5: OID not found
Error: [blastdbcmd] Q28XA0: OID not found
Error: [blastdbcmd] B5E196: OID not found
Error: [blastdbcmd] Q28X95: OID not found
Error: [blastdbcmd] Q28X92: OID not found
Error: [blastdbcmd] B5E1A0: OID not found
Error: [blastdbcmd] Q28WW6: OID not found
Error: [blastdbcmd] Q28WU9: OID not found
Error: [blastdbcmd] Q28WT7: OID not found
Error: [blastdbcmd] Q28WT6: OID not found
Error: [blastdbcmd] Q28ZX8: OID not found
Error: [blastdbcmd] Q28ZY1: OID not found
Error: [blastdbcmd] Q28ZY5: OID not found
Error: [blastdbcmd] Q28ZY7: OID not found
Error: [blastdbcmd] Q28ZZ1: OID not found
Error: [blastdbcmd] Q28ZZ6: OID not found
Error: [blastdbcmd] Q290A0: OID not found
Error: [blastdbcmd] Q290A9: OID not found
Error: [blastdbcmd] Q290C0: OID not found
Error: [blastdbcmd] Q290C3: OID not found
Error: [blastdbcmd] Q292P6: OID not found
Error: [blastdbcmd] Q292P7: OID not found
Error: [blastdbcmd] B5DZ19: OID not found
Error: [blastdbcmd] Q292Q1: OID not found
Error: [blastdbcmd] Q292Q3: OID not found
Error: [blastdbcmd] Q292Q6: OID not found
Error: [blastdbcmd] Q292Q9: OID not found
Error: [blastdbcmd] Q292R2: OID not found
Error: [blastdbcmd] Q292R6: OID not found
Error: [blastdbcmd] Q292R7: OID not found
Error: [blastdbcmd] Q293G4: OID not found
Error: [blastdbcmd] Q293G1: OID not found
Error: [blastdbcmd] Q293F9: OID not found
Error: [blastdbcmd] Q293F7: OID not found
Error: [blastdbcmd] B5E126: OID not found
Error: [blastdbcmd] B5E1F0: OID not found
Error: [blastdbcmd] Q28ZF9: OID not found
Error: [blastdbcmd] Q28ZF6: OID not found
Error: [blastdbcmd] B5E1J1: OID not found
Error: [blastdbcmd] Q28ZE7: OID not found
Error: [blastdbcmd] Q28ZE6: OID not found
Error: [blastdbcmd] Q28ZE3: OID not found
Error: [blastdbcmd] Q28ZE2: OID not found
Error: [blastdbcmd] Q28ZK1: OID not found
Error: [blastdbcmd] Q28ZJ5: OID not found
Error: [blastdbcmd] Q28ZI7: OID not found
Error: [blastdbcmd] A0A0R3NND7: OID not found
Error: [blastdbcmd] Q292A6: OID not found
Error: [blastdbcmd] Q291Z0: OID not found
Error: [blastdbcmd] Q291Y4: OID not found
Error: [blastdbcmd] B5DZN8: OID not found
Error: [blastdbcmd] Q292H9: OID not found
Error: [blastdbcmd] Q28X01: OID not found
Error: [blastdbcmd] Q28WZ6: OID not found
Error: [blastdbcmd] Q28ZB2: OID not found
Error: [blastdbcmd] Q28X42: OID not found
Error: [blastdbcmd] Q28X43: OID not found
Error: [blastdbcmd] Q28X46: OID not found
Error: [blastdbcmd] Q28X47: OID not found
Error: [blastdbcmd] Q291M3: OID not found
Error: [blastdbcmd] Q291M5: OID not found
Error: [blastdbcmd] A0A0R3NS56: OID not found
Error: [blastdbcmd] Q291P5: OID not found
Error: [blastdbcmd] Q291P7: OID not found
Error: [blastdbcmd] Q291Q2: OID not found
Error: [blastdbcmd] Q291Q4: OID not found
Error: [blastdbcmd] Q28XM2: OID not found
Error: [blastdbcmd] Q290H1: OID not found
Error: [blastdbcmd] A0A0R3NTM2: OID not found
Error: [blastdbcmd] Q290H6: OID not found
Error: [blastdbcmd] Q290H7: OID not found
Error: [blastdbcmd] Q290H8: OID not found
Error: [blastdbcmd] Q290I1: OID not found
Error: [blastdbcmd] Q290F7: OID not found
Error: [blastdbcmd] Q290F6: OID not found
Error: [blastdbcmd] Q28ZL4: OID not found
Error: [blastdbcmd] Q28ZL8: OID not found
Error: [blastdbcmd] Q28ZM0: OID not found
Error: [blastdbcmd] Q28ZM1: OID not found
Error: [blastdbcmd] Q28XU3: OID not found
Error: [blastdbcmd] Q28XT7: OID not found
Error: [blastdbcmd] Q28XT6: OID not found
Error: [blastdbcmd] Q28XS9: OID not found
Error: [blastdbcmd] Q28XS8: OID not found
Error: [blastdbcmd] Q28XS4: OID not found
Error: [blastdbcmd] Q28XS4: OID not found
Error: [blastdbcmd] Q28XS3: OID not found
Error: [blastdbcmd] B5E0I2: OID not found
Error: [blastdbcmd] Q28WN3: OID not found
Error: [blastdbcmd] N6WD34: OID not found
Error: [blastdbcmd] Q28WM2: OID not found
Error: [blastdbcmd] I5AQ03: OID not found
Error: [blastdbcmd] Q28XN6: OID not found
Error: [blastdbcmd] Q28XN8: OID not found
Error: [blastdbcmd] B5E0N1: OID not found
Error: [blastdbcmd] N6W4Z4: OID not found
Error: [blastdbcmd] Q28XQ9: OID not found
Error: [blastdbcmd] Q28XR1: OID not found
Error: [blastdbcmd] Q28XR2: OID not found
Error: [blastdbcmd] B5E0I5: OID not found
Error: [blastdbcmd] Q292C1: OID not found
Error: [blastdbcmd] Q292B4: OID not found
Error: [blastdbcmd] Q292B2: OID not found
Error: [blastdbcmd] Q292A7: OID not found
Error: [blastdbcmd] Q28WM0: OID not found
Error: [blastdbcmd] Q28WL9: OID not found
Error: [blastdbcmd] Q28WL7: OID not found
Error: [blastdbcmd] Q28WL6: OID not found
Error: [blastdbcmd] Q291U7: OID not found
Error: [blastdbcmd] A0A0R3NLF8: OID not found
Error: [blastdbcmd] Q291V1: OID not found
Error: [blastdbcmd] Q291V3: OID not found
Error: [blastdbcmd] Q291V5: OID not found
Error: [blastdbcmd] Q291W0: OID not found
Error: [blastdbcmd] Q28X08: OID not found
Error: [blastdbcmd] Q28X22: OID not found
Error: [blastdbcmd] Q28X23: OID not found
Error: [blastdbcmd] Q28X24: OID not found
Error: [blastdbcmd] Q28X25: OID not found
Error: [blastdbcmd] Q28X27: OID not found
Error: [blastdbcmd] Q28X29: OID not found
Error: [blastdbcmd] Q28X32: OID not found
Error: [blastdbcmd] Q28X39: OID not found
Error: [blastdbcmd] Q28XW7: OID not found
Error: [blastdbcmd] Q28XW8: OID not found
Error: [blastdbcmd] Q28ZR4: OID not found
Error: [blastdbcmd] Q28ZR1: OID not found
Error: [blastdbcmd] Q28ZR0: OID not found
Error: [blastdbcmd] Q296U2: OID not found
Error: [blastdbcmd] B5DVQ1: OID not found
Error: [blastdbcmd] B5DVK9: OID not found
Error: [blastdbcmd] Q294H4: OID not found
Error: [blastdbcmd] Q299R6: OID not found
Error: [blastdbcmd] B5DXS3: OID not found
Error: [blastdbcmd] Q28Z16: OID not found
Error: [blastdbcmd] Q28WJ7: OID not found
Error: [blastdbcmd] I5ANG6: OID not found
Error: [blastdbcmd] B5DW03: OID not found
Error: [blastdbcmd] Q29BN4: OID not found
Error: [blastdbcmd] Q29B68: OID not found
Error: [blastdbcmd] Q29BT6: OID not found
Error: [blastdbcmd] Q296C9: OID not found
Error: [blastdbcmd] Q293M1: OID not found
Error: [blastdbcmd] Q28ZN7: OID not found
Error: [blastdbcmd] Q294V8: OID not found
Error: [blastdbcmd] Q298E1: OID not found
Error: [blastdbcmd] Q296L9: OID not found
Error: [blastdbcmd] Q292V0: OID not found
Error: [blastdbcmd] Q29AF7: OID not found
Error: [blastdbcmd] Q29BT9: OID not found
Error: [blastdbcmd] A0A0R3NHL7: OID not found
Error: [blastdbcmd] Q29A20: OID not found
Error: [blastdbcmd] Q291L5: OID not found
Error: [blastdbcmd] Q298J2: OID not found
Error: [blastdbcmd] A0A0R3NMA3: OID not found
